Log file open, 03/24/15 16:02:07
LogInit:Display: Running engine for game: FirstPersonProject
LogInit: Version: 4.7.3-2479750+++depot+UE4-Releases+4.7
LogInit: API Version: 2455222
LogInit: Compiled (64-bit): Mar 15 2015 23:20:45
LogInit: Compiled with Visual C++: 18.00.21005.01
LogInit: Build Configuration: Development
LogInit: Branch Name: ++depot+UE4-Releases+4.7
LogInit: Command line:  
LogInit: Base directory: C:/Program Files/Epic Games/4.7/Engine/Binaries/Win64/
LogInit: Rocket: 1
[2015.03.24-14.02.07:481][  0]LogTaskGraph: Started task graph with 3 named threads and 6 total threads.
[2015.03.24-14.02.07:550][  0]LogOnline:Warning: No default platform service specified for OnlineSubsystem
[2015.03.24-14.02.07:564][  0]LogInit: Presizing for 0 objects not considered by GC, pre-allocating 0 bytes.
[2015.03.24-14.02.07:573][  0]LogInit: Object subsystem initialized
[2015.03.24-14.02.07:575][  0]LogConsoleResponse:Warning: Skipping Unknown console variable: 'TranslucentSortAxis = (X=0.000000,Y=-1.000000,Z=0.000000)'
[2015.03.24-14.02.07:575][  0]LogConsoleResponse:Warning:   Found in ini file 'C:/Temp/Tatu/FirstPersonProject/FirstPersonProject/Saved/Config/Windows/Engine.ini', in section '[/Script/Engine.RendererSettings]'
[2015.03.24-14.02.07:575][  0]LogConsoleResponse:Warning: Skipping Unknown console variable: 'UIScaleRule = ShortestSide'
[2015.03.24-14.02.07:575][  0]LogConsoleResponse:Warning:   Found in ini file 'C:/Temp/Tatu/FirstPersonProject/FirstPersonProject/Saved/Config/Windows/Engine.ini', in section '[/Script/Engine.RendererSettings]'
[2015.03.24-14.02.07:575][  0]LogConsoleResponse:Warning: Skipping Unknown console variable: 'UIScaleCurve = (EditorCurveData=(Keys=),ExternalCurve=None)'
[2015.03.24-14.02.07:575][  0]LogConsoleResponse:Warning:   Found in ini file 'C:/Temp/Tatu/FirstPersonProject/FirstPersonProject/Saved/Config/Windows/Engine.ini', in section '[/Script/Engine.RendererSettings]'
[2015.03.24-14.02.07:575][  0]LogInit: Selected Device Profile: [Windows]
[2015.03.24-14.02.07:575][  0]LogInit: Applying CVar settings loaded from the selected device profile: [Windows]
[2015.03.24-14.02.07:594][  0]LogInit: Computer: WC320-19-W7
[2015.03.24-14.02.07:594][  0]LogInit: User: c2tnenon
[2015.03.24-14.02.07:594][  0]LogInit: CPU Page size=4096, Cores=4
[2015.03.24-14.02.07:594][  0]LogInit: High frequency timer resolution =3.312939 MHz
[2015.03.24-14.02.07:594][  0]LogMemory: Memory total: Physical=8.0GB (8GB approx) Virtual=8192.0GB
[2015.03.24-14.02.07:594][  0]LogMemory: Platform Memory Stats for Windows
[2015.03.24-14.02.07:594][  0]LogMemory: Process Physical Memory: 47.91 MB used, 47.91 MB peak
[2015.03.24-14.02.07:594][  0]LogMemory: Process Virtual Memory: 28.21 MB used, 28.21 MB peak
[2015.03.24-14.02.07:594][  0]LogMemory: Physical Memory: 3266.50 MB used, 8146.55 MB total
[2015.03.24-14.02.07:594][  0]LogMemory: Virtual Memory: 282.33 MB used, 8388608.00 MB total
[2015.03.24-14.02.07:665][  0]LogD3D11RHI: Found D3D11 adapter 0: NVIDIA GeForce GTX 750 Ti (Feature Level 11_0)
[2015.03.24-14.02.07:665][  0]LogD3D11RHI: Adapter has 1974MB of dedicated video memory, 0MB of dedicated system memory, and 2048MB of shared system memory, 2 output[s]
[2015.03.24-14.02.07:665][  0]LogD3D11RHI: Chosen D3D11 Adapter Id = 0
[2015.03.24-14.02.07:669][  0]LogRHI: Texture pool is 1361 MB (70% of 1945 MB)
[2015.03.24-14.02.07:675][  0]LogD3D11RHI: Async texture creation enabled
[2015.03.24-14.02.07:757][  0]LogTextLocalizationManager: The requested culture ('en_US') has no localization data; parent culture's ('en') localization data will be used.
[2015.03.24-14.02.07:818][  0]LogTextLocalizationManager:Warning: Loading localization resources contain conflicting entries for (Namespace:UICommands, Key:Save_ToolTip):
Resource: (C:/Program Files/Epic Games/4.7/Engine/Content/Localization/Editor/en/Editor.locres) Hash: (-29098895) String: (Saves the current level to disk)
Resource: (C:/Program Files/Epic Games/4.7/Engine/Content/Localization/Engine/en/Engine.locres) Hash: (-1280300587) String: (Save selected data to vlog file)
[2015.03.24-14.02.07:818][  0]LogTextLocalizationManager:Warning: Loading localization resources contain conflicting entries for (Namespace:ContentBrowser, Key:ImportAssetToolTip):
Resource: (C:/Program Files/Epic Games/4.7/Engine/Content/Localization/Editor/en/Editor.locres) Hash: (-630476809) String: (Import to {0}...)
Resource: (C:/Program Files/Epic Games/4.7/Engine/Content/Localization/Editor/en/Editor.locres) Hash: (1271782899) String: (Imports an asset from file to this folder.)
[2015.03.24-14.02.07:896][  0]LogContentStreaming: Texture pool size is 0.000000MB
[2015.03.24-14.02.11:912][  0]LogTargetPlatformManager:Display: Building Assets For Windows
[2015.03.24-14.02.12:957][  0]LogTargetPlatformManager:Display: Building Assets For Windows
[2015.03.24-14.02.13:038][  0]LogDerivedDataCache:Display: Max Cache Size: 512 MB
[2015.03.24-14.02.13:572][  0]LogDerivedDataCache: Loaded boot cache 0.53s 39MB C:/Users/c2tnenon/AppData/Local/UnrealEngine/4.7/DerivedDataCache/Boot.ddc.
[2015.03.24-14.02.13:572][  0]LogDerivedDataCache:Display: Loaded Boot cache: C:/Users/c2tnenon/AppData/Local/UnrealEngine/4.7/DerivedDataCache/Boot.ddc
[2015.03.24-14.02.13:573][  0]LogDerivedDataCache: FDerivedDataBackendGraph:  Pak pak cache file ../../../../../../Temp/Tatu/FirstPersonProject/FirstPersonProject/DerivedDataCache/DDC.ddp not found, will not use a pak cache.
[2015.03.24-14.02.13:573][  0]LogDerivedDataCache: Unable to find inner node Pak for hierarchical cache Hierarchy.
[2015.03.24-14.02.13:746][  0]LogDerivedDataCache:Display: Pak cache opened for reading ../../../Engine/DerivedDataCache/Compressed.ddp.
[2015.03.24-14.02.13:758][  0]LogDerivedDataCache: Using Local data cache path C:/Users/c2tnenon/AppData/Local/UnrealEngine/Common/DerivedDataCache: Writable
[2015.03.24-14.02.29:587][  0]LogMeshUtilities: No automatic mesh reduction module available
[2015.03.24-14.02.29:587][  0]LogMeshUtilities: No automatic mesh merging module available
[2015.03.24-14.02.30:435][  0]LogInit: WinSock: version 1.1 (2.2), MaxSocks=32767, MaxUdp=65467
[2015.03.24-14.02.30:722][  0]LogSlate:Warning: Failed to load font data from '../../../Engine/Content/Slate/Fonts/Roboto-Italic.ttf'
[2015.03.24-14.02.41:893][  0]UdpMessaging: Initializing bridge on interface 0.0.0.0:0 to multicast group 230.0.0.1:6666.
[2015.03.24-14.02.42:403][  0]SourceControl: Info Source control is disabled
[2015.03.24-14.02.42:403][  0]SourceControl: Info Source control is disabled
[2015.03.24-14.02.42:403][  0]SourceControl: Info Source control is disabled
[2015.03.24-14.02.42:403][  0]LogSourceControl: RunCommandInternalRaw: 'git version'
[2015.03.24-14.02.42:403][  0]LogSourceControl: RunCommandInternalRaw: ExecProcess ReturnCode=2 OutResults=''
[2015.03.24-14.02.42:413][  0]SourceControl: Info Source control is disabled
[2015.03.24-14.02.43:047][  0]LogObj: 24231 objects as part of root set at end of initial load.
[2015.03.24-14.02.43:047][  0]LogUObjectAllocator: 5136440 out of 0 bytes used by permanent object pool.
[2015.03.24-14.02.43:194][  0]LogEngine: Initializing Engine...
[2015.03.24-14.02.46:517][  0]LogInit: XAudio2 using 'Speakers (Realtek High Definition Audio)' : 2 channels at 48 kHz using 32 bits per sample (channel mask 0x3)
[2015.03.24-14.02.46:525][  0]LogInit: FAudioDevice initialized.
[2015.03.24-14.02.46:587][  0]LogAIModule: Creating AISystem for world NewWorld
[2015.03.24-14.02.46:606][  0]LogDerivedDataCache: Saved boot cache 0.02s 39MB C:/Users/c2tnenon/AppData/Local/UnrealEngine/4.7/DerivedDataCache/Boot.ddc.
[2015.03.24-14.02.46:608][  0]LogInit: Texture streaming: Enabled
[2015.03.24-14.02.47:188][  0]LogAnalytics: Creating configured Analytics provider AnalyticsET
[2015.03.24-14.02.47:188][  0]LogAnalytics: ET APIKey = Rocket.Release. APIServer = http://et2.epicgames.com/ET2/. AppVersion = 4.7.3-2479750+++depot+UE4-Releases+4.7
[2015.03.24-14.02.47:188][  0]LogAnalytics: ET APIKey = Rocket.Release. DataRouterUploadURL = https://datarouter-public-service-gamedev.ol.epicgames.net/datarouter/api/v1/public/data. AppVersion = 4.7.3-2479750+++depot+UE4-Releases+4.7
[2015.03.24-14.02.47:188][  0]LogAnalytics: SetUserId 8b247dde4dc1463c8f449ead650405d4|6804c67793284305bec8d08e6143faee|4593e559-71f4-4c30-99a4-73c68fe37b59
[2015.03.24-14.02.47:189][  0]LogAnalytics: AnalyticsET::StartSession [Rocket.Release]
[2015.03.24-14.02.47:358][  0]LogInit: Transaction tracking system initialized
[2015.03.24-14.02.48:454][  0]BlueprintLog: New page: Editor Load
[2015.03.24-14.02.48:510][  0]LogAssetRegistry: FAssetRegistry took 0.0101 seconds to start up
[2015.03.24-14.02.48:510][  0]LogDirectoryWatcher:Warning: Failed to begin reading directory changes for ../../../Engine/Plugins/Experimental/CharacterAI/Content/. Error: 0
[2015.03.24-14.02.50:027][  0]LogTargetPlatformManager:Display: Building Assets For Windows
[2015.03.24-14.02.50:519][  0]LogTargetPlatformManager:Display: Building Assets For Windows
[2015.03.24-14.02.52:100][  0]LogSlate:Warning: Failed to load font data from '../../../Engine/Content/Editor/Slate/Fonts/Roboto-Regular.ttf'
[2015.03.24-14.02.52:101][  0]LogSlate:Warning: Failed to load font data from '../../../Engine/Content/Editor/Slate/Fonts/Roboto-Bold.ttf'
[2015.03.24-14.02.52:370][  0]LogConsoleResponse:Display: 
[2015.03.24-14.02.54:204][  0]LogCook:Display: Done creating registry. It took  0.00s.
[2015.03.24-14.02.55:522][  0]SourceControl: Info Source control is disabled
[2015.03.24-14.02.55:522][  0]Cmd: MAP LOAD FILE="../../../../../../Temp/Tatu/FirstPersonProject/FirstPersonProject/Content/FirstPersonBP/Maps/FirstPersonExampleMap.umap" TEMPLATE=0 SHOWPROGRESS=1 FEATURELEVEL=3
[2015.03.24-14.02.55:523][  0]LightingResults: New page: Lighting Build
[2015.03.24-14.02.55:551][  0]MapCheck: New page: Map Check
[2015.03.24-14.02.55:552][  0]LightingResults: New page: Lighting Build
[2015.03.24-14.02.55:560][  0]LogParticles: Destroying 0 GPU particle simulations for FXSystem 0x0000000014966980
[2015.03.24-14.02.57:247][  0]LogLinker:Warning: Asset '../../../Engine/Content/EngineMeshes/Humanoid.uasset' has been saved with empty engine version. The asset will be loaded but may be incompatible.
[2015.03.24-14.03.02:224][  0]LogEditorServer: Finished looking for orphan Actors (0.000 secs)
[2015.03.24-14.03.03:035][  0]LogAIModule: Creating AISystem for world FirstPersonExampleMap
[2015.03.24-14.03.03:036][  0]Cmd: MAP CHECKDEP
[2015.03.24-14.03.03:036][  0]MapCheck: New page: FirstPersonExampleMap - Mar 24, 2015, 6:03:03 PM
[2015.03.24-14.03.03:139][  0]MapCheck: Info Map check complete: 0 Error(s), 0 Warning(s), took 102.439ms to complete.
[2015.03.24-14.03.03:139][  0]LogFileHelpers: Loading map 'FirstPersonExampleMap' took 7.615
[2015.03.24-14.03.03:446][  0]LogCollectionManager: Loaded 0 collections in 0.001597 seconds
[2015.03.24-14.03.03:457][  0]LogContentBrowser: Native class hierarchy populated in 0.0110 seconds. Added 1696 classes and 261 folders.
[2015.03.24-14.03.03:518][  0]LogContentBrowser: Native class hierarchy updated for 'SceneOutliner' in 0.0024 seconds. Added 1 classes and 2 folders.
[2015.03.24-14.03.03:678][  0]LogCrashTracker: Crashtracker disabled due to settings.
[2015.03.24-14.03.03:679][  0]LogSlate:Warning: Failed to load font data from 'Veranda'
[2015.03.24-14.03.03:686][  0]LogUObjectGlobals:Warning: Failed to find object 'Class None.'
[2015.03.24-14.03.03:799][  0]LogLoad: Full Startup: 59.37 seconds (BP compile: 1.45 seconds)
[2015.03.24-14.03.04:158][  0]LogContentBrowser:Verbose: The content browser source was changed by the sources view to '/Game/AIBots/SleepingAIBot'
[2015.03.24-14.03.04:535][  0]LogRenderer:Warning: Reallocating scene render targets to support 32x32 (Frame:2).
[2015.03.24-14.03.04:748][  0]LogRenderer:Warning: Reallocating scene render targets to support 1056x560 (Frame:4).
[2015.03.24-14.03.08:618][  7]LogAssetRegistry: Asset discovery search completed in 20.1170 seconds
[2015.03.24-14.03.19:818][629]LogPlayLevel: PIE:  No blueprints needed recompiling
[2015.03.24-14.03.19:818][629]PIE: New page: PIE session: FirstPersonExampleMap (Mar 24, 2015, 6:03:19 PM)
[2015.03.24-14.03.19:833][629]LogPlayLevel: PIE: StaticDuplicateObject took: (0.014285s)
[2015.03.24-14.03.19:833][629]LogPlayLevel: PIE: World Init took: (0.000539s)
[2015.03.24-14.03.19:834][629]LogPlayLevel: PIE: Created PIE world by copying editor world from /Game/FirstPersonBP/Maps/FirstPersonExampleMap.FirstPersonExampleMap to /Game/FirstPersonBP/Maps/UEDPIE_0_FirstPersonExampleMap.FirstPersonExampleMap (0.015076s)
[2015.03.24-14.03.20:038][629]LogWorld: Game class is 'FirstPersonGameMode_C'
[2015.03.24-14.03.20:040][629]LogAIModule: Creating AISystem for world FirstPersonExampleMap
[2015.03.24-14.03.20:055][629]LogWorld:Warning: *** WARNING - PATHS MAY NOT BE VALID ***
[2015.03.24-14.03.20:055][629]LogWorld: Bringing World /Game/FirstPersonBP/Maps/UEDPIE_0_FirstPersonExampleMap.FirstPersonExampleMap up for play (max tick rate 0) at 2015.03.24-16.03.20
[2015.03.24-14.03.20:058][629]LogWorld: Bringing up level for play took: 0.017648
[2015.03.24-14.03.20:060][629]PIE: Info Play in editor start time for /Game/FirstPersonBP/Maps/UEDPIE_0_FirstPersonExampleMap 1.241
[2015.03.24-14.03.24:677][166]LogActorComponent: UnregisterComponent: (/Engine/Transient.CharMoveComp) Not registered. Aborting.
[2015.03.24-14.03.24:677][166]LogActorComponent: UnregisterComponent: (/Engine/Transient.CharacterMovementComponent_0) Not registered. Aborting.
[2015.03.24-14.03.24:697][166]LogBehaviorTree:Warning: OnCeaseRelevant called on Blueprint service BTS_botDetectEnemy_C_0 with invalid owner.  OwnerComponent: BTComponent, OwnerComponent Owner: None.  OwnerComponent has BeginDestroyed flag
[2015.03.24-14.03.24:697][166]LogBehaviorTree:Warning: OnCeaseRelevant called on Blueprint service BTS_DetectSound_C_0 with invalid owner.  OwnerComponent: BTComponent, OwnerComponent Owner: None.  OwnerComponent has BeginDestroyed flag
[2015.03.24-14.03.24:700][166]LogParticles: Destroying 0 GPU particle simulations for FXSystem 0x0000000049D6B9C0
[2015.03.24-14.03.33:844][939]LogPlayLevel: PIE:  No blueprints needed recompiling
[2015.03.24-14.03.33:844][939]PIE: New page: PIE session: FirstPersonExampleMap (Mar 24, 2015, 6:03:33 PM)
[2015.03.24-14.03.33:857][939]LogPlayLevel: PIE: StaticDuplicateObject took: (0.011986s)
[2015.03.24-14.03.33:857][939]LogPlayLevel: PIE: World Init took: (0.000577s)
[2015.03.24-14.03.33:858][939]LogPlayLevel: PIE: Created PIE world by copying editor world from /Game/FirstPersonBP/Maps/FirstPersonExampleMap.FirstPersonExampleMap to /Game/FirstPersonBP/Maps/UEDPIE_0_FirstPersonExampleMap.FirstPersonExampleMap (0.012739s)
[2015.03.24-14.03.33:892][939]LogWorld: Game class is 'FirstPersonGameMode_C'
[2015.03.24-14.03.33:893][939]LogAIModule: Creating AISystem for world FirstPersonExampleMap
[2015.03.24-14.03.33:909][939]LogWorld:Warning: *** WARNING - PATHS MAY NOT BE VALID ***
[2015.03.24-14.03.33:909][939]LogWorld: Bringing World /Game/FirstPersonBP/Maps/UEDPIE_0_FirstPersonExampleMap.FirstPersonExampleMap up for play (max tick rate 0) at 2015.03.24-16.03.33
[2015.03.24-14.03.33:912][939]LogWorld: Bringing up level for play took: 0.017845
[2015.03.24-14.03.33:913][939]PIE: Info Play in editor start time for /Game/FirstPersonBP/Maps/UEDPIE_0_FirstPersonExampleMap -0.907
[2015.03.24-14.04.08:526][524]LogActorComponent: UnregisterComponent: (/Engine/Transient.CharMoveComp) Not registered. Aborting.
[2015.03.24-14.04.08:541][524]LogBehaviorTree:Warning: OnCeaseRelevant called on Blueprint service None with invalid owner.  OwnerComponent: BTComponent, OwnerComponent Owner: SleepBotAI_C_1.  OwnerComponent has BeginDestroyed flag
[2015.03.24-14.04.08:542][524]LogBehaviorTree:Warning: OnCeaseRelevant called on Blueprint service None with invalid owner.  OwnerComponent: BTComponent, OwnerComponent Owner: botAI_C_1.  OwnerComponent has BeginDestroyed flag
[2015.03.24-14.04.08:544][524]LogParticles: Destroying 0 GPU particle simulations for FXSystem 0x0000000018F4D9E0
[2015.03.24-14.04.15:906][969]LogPlayLevel: PIE:  No blueprints needed recompiling
[2015.03.24-14.04.15:906][969]PIE: New page: PIE session: FirstPersonExampleMap (Mar 24, 2015, 6:04:15 PM)
[2015.03.24-14.04.15:924][969]LogPlayLevel: PIE: StaticDuplicateObject took: (0.017889s)
[2015.03.24-14.04.15:925][969]LogPlayLevel: PIE: World Init took: (0.000565s)
[2015.03.24-14.04.15:925][969]LogPlayLevel: PIE: Created PIE world by copying editor world from /Game/FirstPersonBP/Maps/FirstPersonExampleMap.FirstPersonExampleMap to /Game/FirstPersonBP/Maps/UEDPIE_0_FirstPersonExampleMap.FirstPersonExampleMap (0.018639s)
[2015.03.24-14.04.15:971][969]LogWorld: Game class is 'FirstPersonGameMode_C'
[2015.03.24-14.04.15:975][969]LogAIModule: Creating AISystem for world FirstPersonExampleMap
[2015.03.24-14.04.16:005][969]LogWorld:Warning: *** WARNING - PATHS MAY NOT BE VALID ***
[2015.03.24-14.04.16:005][969]LogWorld: Bringing World /Game/FirstPersonBP/Maps/UEDPIE_0_FirstPersonExampleMap.FirstPersonExampleMap up for play (max tick rate 0) at 2015.03.24-16.04.16
[2015.03.24-14.04.16:011][969]LogWorld: Bringing up level for play took: 0.035610
[2015.03.24-14.04.16:015][969]PIE: Info Play in editor start time for /Game/FirstPersonBP/Maps/UEDPIE_0_FirstPersonExampleMap -0.809
[2015.03.24-14.05.08:223][922]LogActorComponent: UnregisterComponent: (/Engine/Transient.CharMoveComp) Not registered. Aborting.
[2015.03.24-14.05.08:236][922]LogBehaviorTree:Warning: OnCeaseRelevant called on Blueprint service None with invalid owner.  OwnerComponent: BTComponent, OwnerComponent Owner: SleepBotAI_C_2.  OwnerComponent has BeginDestroyed flag
[2015.03.24-14.05.08:236][922]LogBehaviorTree:Warning: OnCeaseRelevant called on Blueprint service None with invalid owner.  OwnerComponent: BTComponent, OwnerComponent Owner: botAI_C_2.  OwnerComponent has BeginDestroyed flag
[2015.03.24-14.05.08:238][922]LogParticles: Destroying 0 GPU particle simulations for FXSystem 0x0000000043BD49A0
[2015.03.24-14.05.16:870][687]BlueprintLog: New page: Compile BTT_Awake
[2015.03.24-14.05.16:946][687]BlueprintEditorCompileResults: Info [0192.51] Compile of BTT_Awake successful! [in 76 ms]
[2015.03.24-14.05.17:732][754]LogPlayLevel: PIE:  No blueprints needed recompiling
[2015.03.24-14.05.17:732][754]PIE: New page: PIE session: FirstPersonExampleMap (Mar 24, 2015, 6:05:17 PM)
[2015.03.24-14.05.17:754][754]LogPlayLevel: PIE: StaticDuplicateObject took: (0.021297s)
[2015.03.24-14.05.17:755][754]LogPlayLevel: PIE: World Init took: (0.000946s)
[2015.03.24-14.05.17:755][754]LogPlayLevel: PIE: Created PIE world by copying editor world from /Game/FirstPersonBP/Maps/FirstPersonExampleMap.FirstPersonExampleMap to /Game/FirstPersonBP/Maps/UEDPIE_0_FirstPersonExampleMap.FirstPersonExampleMap (0.022439s)
[2015.03.24-14.05.17:792][754]LogWorld: Game class is 'FirstPersonGameMode_C'
[2015.03.24-14.05.17:793][754]LogAIModule: Creating AISystem for world FirstPersonExampleMap
[2015.03.24-14.05.17:808][754]LogWorld:Warning: *** WARNING - PATHS MAY NOT BE VALID ***
[2015.03.24-14.05.17:808][754]LogWorld: Bringing World /Game/FirstPersonBP/Maps/UEDPIE_0_FirstPersonExampleMap.FirstPersonExampleMap up for play (max tick rate 0) at 2015.03.24-16.05.17
[2015.03.24-14.05.17:812][754]LogWorld: Bringing up level for play took: 0.017817
[2015.03.24-14.05.17:813][754]PIE: Info Play in editor start time for /Game/FirstPersonBP/Maps/UEDPIE_0_FirstPersonExampleMap 0.984
[2015.03.24-14.08.12:447][571]LogBehaviorTree:Warning: OnCeaseRelevant called on Blueprint service None with invalid owner.  OwnerComponent: BTComponent, OwnerComponent Owner: SleepBotAI_C_3.  OwnerComponent has BeginDestroyed flag
[2015.03.24-14.08.12:448][571]LogBehaviorTree:Warning: OnCeaseRelevant called on Blueprint service None with invalid owner.  OwnerComponent: BTComponent, OwnerComponent Owner: botAI_C_3.  OwnerComponent has BeginDestroyed flag
[2015.03.24-14.08.12:451][571]LogParticles: Destroying 0 GPU particle simulations for FXSystem 0x0000000043015BC0
[2015.03.24-14.08.33:683][669]LogContentBrowser:Verbose: The content browser source was changed by the sources view to '/Game/AIBots/PatrolAIBot'
[2015.03.24-14.09.16:752][343]BlueprintLog: New page: Compile BTT_Sleep
[2015.03.24-14.09.16:791][343]LogActorComponent: UnregisterComponent: (/Engine/Transient.CharMoveComp) Not registered. Aborting.
[2015.03.24-14.09.16:791][343]LogActorComponent: UnregisterComponent: (/Engine/Transient.CharacterMovementComponent_1) Not registered. Aborting.
[2015.03.24-14.09.16:807][343]LogParticles: Destroying 0 GPU particle simulations for FXSystem 0x000000003E670720
[2015.03.24-14.09.16:807][343]LogParticles: Destroying 0 GPU particle simulations for FXSystem 0x000000001684CEA0
[2015.03.24-14.09.16:815][343]BlueprintEditorCompileResults: Info [0432.35] Compile of BTT_Sleep successful! [in 62 ms]
[2015.03.24-14.09.18:750][533]LogPlayLevel: PIE:  No blueprints needed recompiling
[2015.03.24-14.09.18:750][533]PIE: New page: PIE session: FirstPersonExampleMap (Mar 24, 2015, 6:09:18 PM)
[2015.03.24-14.09.18:770][533]LogPlayLevel: PIE: StaticDuplicateObject took: (0.020004s)
[2015.03.24-14.09.18:771][533]LogPlayLevel: PIE: World Init took: (0.000671s)
[2015.03.24-14.09.18:771][533]LogPlayLevel: PIE: Created PIE world by copying editor world from /Game/FirstPersonBP/Maps/FirstPersonExampleMap.FirstPersonExampleMap to /Game/FirstPersonBP/Maps/UEDPIE_0_FirstPersonExampleMap.FirstPersonExampleMap (0.020868s)
[2015.03.24-14.09.18:810][533]LogWorld: Game class is 'FirstPersonGameMode_C'
[2015.03.24-14.09.18:812][533]LogAIModule: Creating AISystem for world FirstPersonExampleMap
[2015.03.24-14.09.18:827][533]LogWorld:Warning: *** WARNING - PATHS MAY NOT BE VALID ***
[2015.03.24-14.09.18:827][533]LogWorld: Bringing World /Game/FirstPersonBP/Maps/UEDPIE_0_FirstPersonExampleMap.FirstPersonExampleMap up for play (max tick rate 0) at 2015.03.24-16.09.18
[2015.03.24-14.09.18:830][533]LogWorld: Bringing up level for play took: 0.017790
[2015.03.24-14.09.18:832][533]PIE: Info Play in editor start time for /Game/FirstPersonBP/Maps/UEDPIE_0_FirstPersonExampleMap -0.019
[2015.03.24-14.09.43:692][554]LogBehaviorTree:Warning: OnCeaseRelevant called on Blueprint service None with invalid owner.  OwnerComponent: BTComponent, OwnerComponent Owner: SleepBotAI_C_4.  OwnerComponent has BeginDestroyed flag
[2015.03.24-14.09.43:692][554]LogBehaviorTree:Warning: OnCeaseRelevant called on Blueprint service None with invalid owner.  OwnerComponent: BTComponent, OwnerComponent Owner: botAI_C_4.  OwnerComponent has BeginDestroyed flag
[2015.03.24-14.09.43:752][555]LogParticles: Destroying 0 GPU particle simulations for FXSystem 0x00000000429BE700
[2015.03.24-14.09.57:400][667]BlueprintLog: New page: Compile BTT_Awake
[2015.03.24-14.09.57:478][667]BlueprintEditorCompileResults: Info [0473.01] Compile of BTT_Awake successful! [in 76 ms]
[2015.03.24-14.10.00:691][965]LogPlayLevel: PIE:  No blueprints needed recompiling
[2015.03.24-14.10.00:692][965]PIE: New page: PIE session: FirstPersonExampleMap (Mar 24, 2015, 6:10:00 PM)
[2015.03.24-14.10.00:710][965]LogPlayLevel: PIE: StaticDuplicateObject took: (0.018318s)
[2015.03.24-14.10.00:711][965]LogPlayLevel: PIE: World Init took: (0.000646s)
[2015.03.24-14.10.00:711][965]LogPlayLevel: PIE: Created PIE world by copying editor world from /Game/FirstPersonBP/Maps/FirstPersonExampleMap.FirstPersonExampleMap to /Game/FirstPersonBP/Maps/UEDPIE_0_FirstPersonExampleMap.FirstPersonExampleMap (0.019199s)
[2015.03.24-14.10.00:745][965]LogWorld: Game class is 'FirstPersonGameMode_C'
[2015.03.24-14.10.00:747][965]LogAIModule: Creating AISystem for world FirstPersonExampleMap
[2015.03.24-14.10.00:762][965]LogWorld:Warning: *** WARNING - PATHS MAY NOT BE VALID ***
[2015.03.24-14.10.00:762][965]LogWorld: Bringing World /Game/FirstPersonBP/Maps/UEDPIE_0_FirstPersonExampleMap.FirstPersonExampleMap up for play (max tick rate 0) at 2015.03.24-16.10.00
[2015.03.24-14.10.00:765][965]LogWorld: Bringing up level for play took: 0.017685
[2015.03.24-14.10.00:767][965]PIE: Info Play in editor start time for /Game/FirstPersonBP/Maps/UEDPIE_0_FirstPersonExampleMap -0.087
[2015.03.24-14.10.12:564][126]LogBehaviorTree:Warning: OnCeaseRelevant called on Blueprint service None with invalid owner.  OwnerComponent: BTComponent, OwnerComponent Owner: SleepBotAI_C_5.  OwnerComponent has BeginDestroyed flag
[2015.03.24-14.10.12:565][126]LogBehaviorTree:Warning: OnCeaseRelevant called on Blueprint service None with invalid owner.  OwnerComponent: BTComponent, OwnerComponent Owner: botAI_C_5.  OwnerComponent has BeginDestroyed flag
[2015.03.24-14.10.12:589][127]LogParticles: Destroying 0 GPU particle simulations for FXSystem 0x000000003E30B380
[2015.03.24-14.10.38:471][480]BlueprintLog: New page: Compile BTT_Awake
[2015.03.24-14.10.38:543][480]BlueprintEditorCompileResults: Info [0514.07] Compile of BTT_Awake successful! [in 72 ms]
[2015.03.24-14.10.42:963][899]LogEditorTransaction: Undo Delete current selection
[2015.03.24-14.10.44:693][ 28]LogEditorTransaction: Undo Move Node
[2015.03.24-14.11.26:410][717]BlueprintLog: New page: Compile BTT_Sleep
[2015.03.24-14.11.26:483][717]BlueprintEditorCompileResults: Info [0562.01] Compile of BTT_Sleep successful! [in 71 ms]
[2015.03.24-14.11.32:922][349]BlueprintLog: New page: Pre-PIE auto-recompile
[2015.03.24-14.11.32:926][349]LogPlayLevel: [PIE] Compiling BTS_DetectSound before PIE...
[2015.03.24-14.11.33:019][349]LogPlayLevel: [PIE] Compiling BTT_Awake before PIE...
[2015.03.24-14.11.33:093][349]LogPlayLevel: PIE:  Blueprint regeneration took 171 ms (2 blueprints)
[2015.03.24-14.11.33:093][349]PIE: New page: PIE session: FirstPersonExampleMap (Mar 24, 2015, 6:11:33 PM)
[2015.03.24-14.11.33:114][349]LogPlayLevel: PIE: StaticDuplicateObject took: (0.020036s)
[2015.03.24-14.11.33:114][349]LogPlayLevel: PIE: World Init took: (0.000624s)
[2015.03.24-14.11.33:114][349]LogPlayLevel: PIE: Created PIE world by copying editor world from /Game/FirstPersonBP/Maps/FirstPersonExampleMap.FirstPersonExampleMap to /Game/FirstPersonBP/Maps/UEDPIE_0_FirstPersonExampleMap.FirstPersonExampleMap (0.020881s)
[2015.03.24-14.11.33:153][349]LogWorld: Game class is 'FirstPersonGameMode_C'
[2015.03.24-14.11.33:155][349]LogAIModule: Creating AISystem for world FirstPersonExampleMap
[2015.03.24-14.11.33:170][349]LogWorld:Warning: *** WARNING - PATHS MAY NOT BE VALID ***
[2015.03.24-14.11.33:170][349]LogWorld: Bringing World /Game/FirstPersonBP/Maps/UEDPIE_0_FirstPersonExampleMap.FirstPersonExampleMap up for play (max tick rate 0) at 2015.03.24-16.11.33
[2015.03.24-14.11.33:174][349]LogWorld: Bringing up level for play took: 0.017898
[2015.03.24-14.11.33:175][349]PIE: Info Play in editor start time for /Game/FirstPersonBP/Maps/UEDPIE_0_FirstPersonExampleMap 0.312
[2015.03.24-14.11.44:381][495]LogBehaviorTree:Warning: OnCeaseRelevant called on Blueprint service None with invalid owner.  OwnerComponent: BTComponent, OwnerComponent Owner: SleepBotAI_C_6.  OwnerComponent has BeginDestroyed flag
[2015.03.24-14.11.44:381][495]LogBehaviorTree:Warning: OnCeaseRelevant called on Blueprint service None with invalid owner.  OwnerComponent: BTComponent, OwnerComponent Owner: botAI_C_6.  OwnerComponent has BeginDestroyed flag
[2015.03.24-14.11.44:405][496]LogParticles: Destroying 0 GPU particle simulations for FXSystem 0x000000004C381300
[2015.03.24-14.12.12:618][223]BlueprintLog: New page: Compile BTT_Sleep
[2015.03.24-14.12.12:693][223]BlueprintEditorCompileResults: Info [0608.21] Compile of BTT_Sleep successful! [in 74 ms]
[2015.03.24-14.12.15:405][496]LogPlayLevel: PIE:  No blueprints needed recompiling
[2015.03.24-14.12.15:405][496]PIE: New page: PIE session: FirstPersonExampleMap (Mar 24, 2015, 6:12:15 PM)
[2015.03.24-14.12.15:424][496]LogPlayLevel: PIE: StaticDuplicateObject took: (0.018463s)
[2015.03.24-14.12.15:425][496]LogPlayLevel: PIE: World Init took: (0.001145s)
[2015.03.24-14.12.15:425][496]LogPlayLevel: PIE: Created PIE world by copying editor world from /Game/FirstPersonBP/Maps/FirstPersonExampleMap.FirstPersonExampleMap to /Game/FirstPersonBP/Maps/UEDPIE_0_FirstPersonExampleMap.FirstPersonExampleMap (0.019810s)
[2015.03.24-14.12.15:459][496]LogWorld: Game class is 'FirstPersonGameMode_C'
[2015.03.24-14.12.15:461][496]LogAIModule: Creating AISystem for world FirstPersonExampleMap
[2015.03.24-14.12.15:476][496]LogWorld:Warning: *** WARNING - PATHS MAY NOT BE VALID ***
[2015.03.24-14.12.15:476][496]LogWorld: Bringing World /Game/FirstPersonBP/Maps/UEDPIE_0_FirstPersonExampleMap.FirstPersonExampleMap up for play (max tick rate 0) at 2015.03.24-16.12.15
[2015.03.24-14.12.15:479][496]LogWorld: Bringing up level for play took: 0.017664
[2015.03.24-14.12.15:480][496]PIE: Info Play in editor start time for /Game/FirstPersonBP/Maps/UEDPIE_0_FirstPersonExampleMap 0.614
[2015.03.24-14.12.36:033][474]LogSelection:Warning: PIE object was selected: "SleepBot_C /Game/FirstPersonBP/Maps/UEDPIE_0_FirstPersonExampleMap.FirstPersonExampleMap:PersistentLevel.SleepBot_C_1"
[2015.03.24-14.12.51:012][796]LogBehaviorTree:Warning: OnCeaseRelevant called on Blueprint service None with invalid owner.  OwnerComponent: BTComponent, OwnerComponent Owner: SleepBotAI_C_7.  OwnerComponent has BeginDestroyed flag
[2015.03.24-14.12.51:012][796]LogBehaviorTree:Warning: OnCeaseRelevant called on Blueprint service None with invalid owner.  OwnerComponent: BTComponent, OwnerComponent Owner: botAI_C_7.  OwnerComponent has BeginDestroyed flag
[2015.03.24-14.12.51:052][797]LogParticles: Destroying 0 GPU particle simulations for FXSystem 0x000000003E30A3E0
[2015.03.24-14.13.26:915][662]BlueprintLog: New page: Compile BTT_Sleep
[2015.03.24-14.13.26:977][662]BlueprintEditorCompileResults: Info [0682.49] Compile of BTT_Sleep successful! [in 62 ms]
[2015.03.24-14.14.34:250][899]BlueprintLog: New page: Compile BTT_Awake
[2015.03.24-14.14.34:327][899]BlueprintEditorCompileResults: Info [0749.84] Compile of BTT_Awake successful! [in 76 ms]
[2015.03.24-14.14.37:331][137]LogPlayLevel: PIE:  No blueprints needed recompiling
[2015.03.24-14.14.37:332][137]PIE: New page: PIE session: FirstPersonExampleMap (Mar 24, 2015, 6:14:37 PM)
[2015.03.24-14.14.37:352][137]LogPlayLevel: PIE: StaticDuplicateObject took: (0.019951s)
[2015.03.24-14.14.37:353][137]LogPlayLevel: PIE: World Init took: (0.000653s)
[2015.03.24-14.14.37:353][137]LogPlayLevel: PIE: Created PIE world by copying editor world from /Game/FirstPersonBP/Maps/FirstPersonExampleMap.FirstPersonExampleMap to /Game/FirstPersonBP/Maps/UEDPIE_0_FirstPersonExampleMap.FirstPersonExampleMap (0.020801s)
[2015.03.24-14.14.37:392][137]LogWorld: Game class is 'FirstPersonGameMode_C'
[2015.03.24-14.14.37:394][137]LogAIModule: Creating AISystem for world FirstPersonExampleMap
[2015.03.24-14.14.37:409][137]LogWorld:Warning: *** WARNING - PATHS MAY NOT BE VALID ***
[2015.03.24-14.14.37:409][137]LogWorld: Bringing World /Game/FirstPersonBP/Maps/UEDPIE_0_FirstPersonExampleMap.FirstPersonExampleMap up for play (max tick rate 0) at 2015.03.24-16.14.37
[2015.03.24-14.14.37:412][137]LogWorld: Bringing up level for play took: 0.017916
[2015.03.24-14.14.37:414][137]PIE: Info Play in editor start time for /Game/FirstPersonBP/Maps/UEDPIE_0_FirstPersonExampleMap 0.535
[2015.03.24-14.15.07:866][786]LogBehaviorTree:Warning: OnCeaseRelevant called on Blueprint service None with invalid owner.  OwnerComponent: BTComponent, OwnerComponent Owner: SleepBotAI_C_8.  OwnerComponent has BeginDestroyed flag
[2015.03.24-14.15.07:866][786]LogBehaviorTree:Warning: OnCeaseRelevant called on Blueprint service None with invalid owner.  OwnerComponent: BTComponent, OwnerComponent Owner: botAI_C_8.  OwnerComponent has BeginDestroyed flag
[2015.03.24-14.15.07:905][787]LogParticles: Destroying 0 GPU particle simulations for FXSystem 0x00000000432647C0
[2015.03.24-14.15.12:566][123]BlueprintLog: New page: Compile BTT_Awake
[2015.03.24-14.15.12:641][123]BlueprintEditorCompileResults: Info [0788.15] Compile of BTT_Awake successful! [in 75 ms]
[2015.03.24-14.15.15:401][336]LogPlayLevel: PIE:  No blueprints needed recompiling
[2015.03.24-14.15.15:401][336]PIE: New page: PIE session: FirstPersonExampleMap (Mar 24, 2015, 6:15:15 PM)
[2015.03.24-14.15.15:423][336]LogPlayLevel: PIE: StaticDuplicateObject took: (0.021402s)
[2015.03.24-14.15.15:424][336]LogPlayLevel: PIE: World Init took: (0.000589s)
[2015.03.24-14.15.15:424][336]LogPlayLevel: PIE: Created PIE world by copying editor world from /Game/FirstPersonBP/Maps/FirstPersonExampleMap.FirstPersonExampleMap to /Game/FirstPersonBP/Maps/UEDPIE_0_FirstPersonExampleMap.FirstPersonExampleMap (0.022236s)
[2015.03.24-14.15.15:458][336]LogWorld: Game class is 'FirstPersonGameMode_C'
[2015.03.24-14.15.15:460][336]LogAIModule: Creating AISystem for world FirstPersonExampleMap
[2015.03.24-14.15.15:475][336]LogWorld:Warning: *** WARNING - PATHS MAY NOT BE VALID ***
[2015.03.24-14.15.15:475][336]LogWorld: Bringing World /Game/FirstPersonBP/Maps/UEDPIE_0_FirstPersonExampleMap.FirstPersonExampleMap up for play (max tick rate 0) at 2015.03.24-16.15.15
[2015.03.24-14.15.15:478][336]LogWorld: Bringing up level for play took: 0.017770
[2015.03.24-14.15.15:480][336]PIE: Info Play in editor start time for /Game/FirstPersonBP/Maps/UEDPIE_0_FirstPersonExampleMap 0.597
[2015.03.24-14.15.26:855][484]LogBehaviorTree:Warning: OnCeaseRelevant called on Blueprint service None with invalid owner.  OwnerComponent: BTComponent, OwnerComponent Owner: SleepBotAI_C_9.  OwnerComponent has BeginDestroyed flag
[2015.03.24-14.15.26:855][484]LogBehaviorTree:Warning: OnCeaseRelevant called on Blueprint service None with invalid owner.  OwnerComponent: BTComponent, OwnerComponent Owner: botAI_C_9.  OwnerComponent has BeginDestroyed flag
[2015.03.24-14.15.26:894][485]LogParticles: Destroying 0 GPU particle simulations for FXSystem 0x000000004CF2C400
[2015.03.24-14.16.20:828][522]BlueprintLog: New page: Compile BTT_Sleep
[2015.03.24-14.16.20:869][522]LogActorComponent: UnregisterComponent: (/Engine/Transient.CharMoveComp) Not registered. Aborting.
[2015.03.24-14.16.20:893][522]BlueprintEditorCompileResults: Info [0856.39] Compile of BTT_Sleep successful! [in 64 ms]
[2015.03.24-14.16.37:886][200]BlueprintLog: New page: Compile BTT_Awake
[2015.03.24-14.16.37:960][200]BlueprintEditorCompileResults: Info [0873.46] Compile of BTT_Awake successful! [in 73 ms]
[2015.03.24-14.16.39:306][332]LogPropertyNode: Object is invalid AllowedTypes
[2015.03.24-14.16.39:306][332]LogPropertyNode: Object is invalid AllowedTypes
[2015.03.24-14.17.43:469][370]BlueprintLog: New page: Compile BTT_Sleep
[2015.03.24-14.17.43:532][370]BlueprintEditorCompileResults: Info [0939.02] Compile of BTT_Sleep successful! [in 63 ms]
[2015.03.24-14.18.05:811][679]LogPlayLevel: PIE:  No blueprints needed recompiling
[2015.03.24-14.18.05:811][679]PIE: New page: PIE session: FirstPersonExampleMap (Mar 24, 2015, 6:18:05 PM)
[2015.03.24-14.18.05:831][679]LogPlayLevel: PIE: StaticDuplicateObject took: (0.019063s)
[2015.03.24-14.18.05:832][679]LogPlayLevel: PIE: World Init took: (0.000656s)
[2015.03.24-14.18.05:832][679]LogPlayLevel: PIE: Created PIE world by copying editor world from /Game/FirstPersonBP/Maps/FirstPersonExampleMap.FirstPersonExampleMap to /Game/FirstPersonBP/Maps/UEDPIE_0_FirstPersonExampleMap.FirstPersonExampleMap (0.019929s)
[2015.03.24-14.18.05:874][679]LogWorld: Game class is 'FirstPersonGameMode_C'
[2015.03.24-14.18.05:876][679]LogAIModule: Creating AISystem for world FirstPersonExampleMap
[2015.03.24-14.18.05:891][679]LogWorld:Warning: *** WARNING - PATHS MAY NOT BE VALID ***
[2015.03.24-14.18.05:891][679]LogWorld: Bringing World /Game/FirstPersonBP/Maps/UEDPIE_0_FirstPersonExampleMap.FirstPersonExampleMap up for play (max tick rate 0) at 2015.03.24-16.18.05
[2015.03.24-14.18.05:894][679]LogWorld: Bringing up level for play took: 0.017890
[2015.03.24-14.18.05:915][679]PIE: Info Play in editor start time for /Game/FirstPersonBP/Maps/UEDPIE_0_FirstPersonExampleMap 1.017
[2015.03.24-14.18.05:930][679]LogRenderer:Warning: Reallocating scene render targets to support 1296x760 (Frame:57122).
[2015.03.24-14.18.41:949][643]LogBehaviorTree:Warning: OnCeaseRelevant called on Blueprint service None with invalid owner.  OwnerComponent: BTComponent, OwnerComponent Owner: SleepBotAI_C_10.  OwnerComponent has BeginDestroyed flag
[2015.03.24-14.18.41:949][643]LogBehaviorTree:Warning: OnCeaseRelevant called on Blueprint service None with invalid owner.  OwnerComponent: BTComponent, OwnerComponent Owner: botAI_C_10.  OwnerComponent has BeginDestroyed flag
[2015.03.24-14.18.41:967][644]LogParticles: Destroying 0 GPU particle simulations for FXSystem 0x000000004D2953A0
[2015.03.24-14.18.44:891][932]LogPlayLevel: PIE:  No blueprints needed recompiling
[2015.03.24-14.18.44:892][932]PIE: New page: PIE session: FirstPersonExampleMap (Mar 24, 2015, 6:18:44 PM)
[2015.03.24-14.18.44:911][932]LogPlayLevel: PIE: StaticDuplicateObject took: (0.019194s)
[2015.03.24-14.18.44:912][932]LogPlayLevel: PIE: World Init took: (0.000695s)
[2015.03.24-14.18.44:912][932]LogPlayLevel: PIE: Created PIE world by copying editor world from /Game/FirstPersonBP/Maps/FirstPersonExampleMap.FirstPersonExampleMap to /Game/FirstPersonBP/Maps/UEDPIE_0_FirstPersonExampleMap.FirstPersonExampleMap (0.020099s)
[2015.03.24-14.18.44:947][932]LogWorld: Game class is 'FirstPersonGameMode_C'
[2015.03.24-14.18.44:949][932]LogAIModule: Creating AISystem for world FirstPersonExampleMap
[2015.03.24-14.18.44:964][932]LogWorld:Warning: *** WARNING - PATHS MAY NOT BE VALID ***
[2015.03.24-14.18.44:964][932]LogWorld: Bringing World /Game/FirstPersonBP/Maps/UEDPIE_0_FirstPersonExampleMap.FirstPersonExampleMap up for play (max tick rate 0) at 2015.03.24-16.18.44
[2015.03.24-14.18.44:967][932]LogWorld: Bringing up level for play took: 0.017991
[2015.03.24-14.18.44:969][932]PIE: Info Play in editor start time for /Game/FirstPersonBP/Maps/UEDPIE_0_FirstPersonExampleMap 0.068
[2015.03.24-14.18.46:485][985]LogSelection:Warning: PIE object was selected: "FirstPersonHUD_C /Game/FirstPersonBP/Maps/UEDPIE_0_FirstPersonExampleMap.FirstPersonExampleMap:PersistentLevel.FirstPersonHUD_C_11"
[2015.03.24-14.18.48:645][184]LogSelection:Warning: PIE object was selected: "SleepBot_C /Game/FirstPersonBP/Maps/UEDPIE_0_FirstPersonExampleMap.FirstPersonExampleMap:PersistentLevel.SleepBot_C_1"
[2015.03.24-14.18.49:446][248]LogSelection:Warning: PIE object was selected: "SleepBotAI_C /Game/FirstPersonBP/Maps/UEDPIE_0_FirstPersonExampleMap.FirstPersonExampleMap:PersistentLevel.SleepBotAI_C_11"
[2015.03.24-14.18.52:757][539]LogSelection:Warning: PIE object was selected: "SleepBot_C /Game/FirstPersonBP/Maps/UEDPIE_0_FirstPersonExampleMap.FirstPersonExampleMap:PersistentLevel.SleepBot_C_1"
[2015.03.24-14.19.18:816][724]LogBehaviorTree:Warning: OnCeaseRelevant called on Blueprint service None with invalid owner.  OwnerComponent: BTComponent, OwnerComponent Owner: SleepBotAI_C_11.  OwnerComponent has BeginDestroyed flag
[2015.03.24-14.19.18:816][724]LogBehaviorTree:Warning: OnCeaseRelevant called on Blueprint service None with invalid owner.  OwnerComponent: BTComponent, OwnerComponent Owner: botAI_C_11.  OwnerComponent has BeginDestroyed flag
[2015.03.24-14.19.18:857][725]LogParticles: Destroying 0 GPU particle simulations for FXSystem 0x000000004FAE3A60
[2015.03.24-14.19.31:004][728]LogPlayLevel: PIE:  No blueprints needed recompiling
[2015.03.24-14.19.31:004][728]PIE: New page: PIE session: FirstPersonExampleMap (Mar 24, 2015, 6:19:31 PM)
[2015.03.24-14.19.31:022][728]LogPlayLevel: PIE: StaticDuplicateObject took: (0.017670s)
[2015.03.24-14.19.31:023][728]LogPlayLevel: PIE: World Init took: (0.000636s)
[2015.03.24-14.19.31:023][728]LogPlayLevel: PIE: Created PIE world by copying editor world from /Game/FirstPersonBP/Maps/FirstPersonExampleMap.FirstPersonExampleMap to /Game/FirstPersonBP/Maps/UEDPIE_0_FirstPersonExampleMap.FirstPersonExampleMap (0.018505s)
[2015.03.24-14.19.31:059][728]LogWorld: Game class is 'FirstPersonGameMode_C'
[2015.03.24-14.19.31:061][728]LogAIModule: Creating AISystem for world FirstPersonExampleMap
[2015.03.24-14.19.31:076][728]LogWorld:Warning: *** WARNING - PATHS MAY NOT BE VALID ***
[2015.03.24-14.19.31:077][728]LogWorld: Bringing World /Game/FirstPersonBP/Maps/UEDPIE_0_FirstPersonExampleMap.FirstPersonExampleMap up for play (max tick rate 0) at 2015.03.24-16.19.31
[2015.03.24-14.19.31:080][728]LogWorld: Bringing up level for play took: 0.017997
[2015.03.24-14.19.31:082][728]PIE: Info Play in editor start time for /Game/FirstPersonBP/Maps/UEDPIE_0_FirstPersonExampleMap 0.177
[2015.03.24-14.19.44:383][757]LogSelection:Warning: PIE object was selected: "FirstPersonHUD_C /Game/FirstPersonBP/Maps/UEDPIE_0_FirstPersonExampleMap.FirstPersonExampleMap:PersistentLevel.FirstPersonHUD_C_12"
[2015.03.24-14.19.45:645][872]LogSelection:Warning: PIE object was selected: "SleepBot_C /Game/FirstPersonBP/Maps/UEDPIE_0_FirstPersonExampleMap.FirstPersonExampleMap:PersistentLevel.SleepBot_C_1"
[2015.03.24-14.20.06:129][583]LogBehaviorTree:Warning: OnCeaseRelevant called on Blueprint service None with invalid owner.  OwnerComponent: BTComponent, OwnerComponent Owner: SleepBotAI_C_12.  OwnerComponent has BeginDestroyed flag
[2015.03.24-14.20.06:129][583]LogBehaviorTree:Warning: OnCeaseRelevant called on Blueprint service None with invalid owner.  OwnerComponent: BTComponent, OwnerComponent Owner: botAI_C_12.  OwnerComponent has BeginDestroyed flag
[2015.03.24-14.20.06:170][584]LogParticles: Destroying 0 GPU particle simulations for FXSystem 0x00000000557E3240
[2015.03.24-14.20.29:271][385]BlueprintLog: New page: Compile BTT_Awake
[2015.03.24-14.20.29:346][385]BlueprintEditorCompileResults: Info [1104.82] Compile of BTT_Awake successful! [in 74 ms]
[2015.03.24-14.20.38:224][ 35]BlueprintLog: New page: Compile BTS_DetectSound
[2015.03.24-14.20.38:328][ 35]BlueprintEditorCompileResults: Info [1113.81] Compile of BTS_DetectSound successful! [in 103 ms]
[2015.03.24-14.20.42:992][405]LogPlayLevel: PIE:  No blueprints needed recompiling
[2015.03.24-14.20.42:993][405]PIE: New page: PIE session: FirstPersonExampleMap (Mar 24, 2015, 6:20:42 PM)
[2015.03.24-14.20.43:014][405]LogPlayLevel: PIE: StaticDuplicateObject took: (0.021408s)
[2015.03.24-14.20.43:015][405]LogPlayLevel: PIE: World Init took: (0.000624s)
[2015.03.24-14.20.43:015][405]LogPlayLevel: PIE: Created PIE world by copying editor world from /Game/FirstPersonBP/Maps/FirstPersonExampleMap.FirstPersonExampleMap to /Game/FirstPersonBP/Maps/UEDPIE_0_FirstPersonExampleMap.FirstPersonExampleMap (0.022231s)
[2015.03.24-14.20.43:051][405]LogWorld: Game class is 'FirstPersonGameMode_C'
[2015.03.24-14.20.43:053][405]LogAIModule: Creating AISystem for world FirstPersonExampleMap
[2015.03.24-14.20.43:068][405]LogWorld:Warning: *** WARNING - PATHS MAY NOT BE VALID ***
[2015.03.24-14.20.43:068][405]LogWorld: Bringing World /Game/FirstPersonBP/Maps/UEDPIE_0_FirstPersonExampleMap.FirstPersonExampleMap up for play (max tick rate 0) at 2015.03.24-16.20.43
[2015.03.24-14.20.43:071][405]LogWorld: Bringing up level for play took: 0.017893
[2015.03.24-14.20.43:073][405]PIE: Info Play in editor start time for /Game/FirstPersonBP/Maps/UEDPIE_0_FirstPersonExampleMap 0.161
[2015.03.24-14.20.45:195][614]LogSelection:Warning: PIE object was selected: "SleepBot_C /Game/FirstPersonBP/Maps/UEDPIE_0_FirstPersonExampleMap.FirstPersonExampleMap:PersistentLevel.SleepBot_C_1"
[2015.03.24-14.22.04:821][317]LogBehaviorTree:Warning: OnCeaseRelevant called on Blueprint service None with invalid owner.  OwnerComponent: BTComponent, OwnerComponent Owner: SleepBotAI_C_13.  OwnerComponent has BeginDestroyed flag
[2015.03.24-14.22.04:821][317]LogBehaviorTree:Warning: OnCeaseRelevant called on Blueprint service None with invalid owner.  OwnerComponent: BTComponent, OwnerComponent Owner: botAI_C_13.  OwnerComponent has BeginDestroyed flag
[2015.03.24-14.22.04:823][317]LogParticles: Destroying 0 GPU particle simulations for FXSystem 0x00000000433184A0
[2015.03.24-14.22.42:742][ 62]LogFileHelpers: Editor autosave (incl. sublevels) for '/Game/FirstPersonBP/Maps/FirstPersonExampleMap' took 0.018
[2015.03.24-14.22.42:779][ 62]OBJ SavePackage: Generating thumbnails for [0] asset(s) in package [/Game/AIBots/SleepingAIBot/BTS_DetectSound] ([1] browsable assets)...
[2015.03.24-14.22.42:820][ 62]OBJ SavePackage: Finished generating thumbnails for package [/Game/AIBots/SleepingAIBot/BTS_DetectSound]
[2015.03.24-14.22.43:086][ 62]LogSavePackage: Save=232.063736ms
[2015.03.24-14.22.43:087][ 62]LogSavePackage: Moving '../../../../../../Temp/Tatu/FirstPersonProject/FirstPersonProject/Saved/BTS_DetectSound_Auto196DA6C9048E45206E51B4F88E3E423EB.tmp' to '../../../../../../Temp/Tatu/FirstPersonProject/FirstPersonProject/Saved/Autosaves/Game/AIBots/SleepingAIBot/BTS_DetectSound_Auto1.uasset'
[2015.03.24-14.22.43:129][ 62]OBJ SavePackage: Generating thumbnails for [0] asset(s) in package [/Game/AIBots/SleepingAIBot/BTT_Awake] ([1] browsable assets)...
[2015.03.24-14.22.43:129][ 62]OBJ SavePackage: Finished generating thumbnails for package [/Game/AIBots/SleepingAIBot/BTT_Awake]
[2015.03.24-14.22.43:343][ 62]LogSavePackage: Save=163.491394ms
[2015.03.24-14.22.43:344][ 62]LogSavePackage: Moving '../../../../../../Temp/Tatu/FirstPersonProject/FirstPersonProject/Saved/BTT_Awake_Auto18F75AF994574F4651C91E0A30D7324E4.tmp' to '../../../../../../Temp/Tatu/FirstPersonProject/FirstPersonProject/Saved/Autosaves/Game/AIBots/SleepingAIBot/BTT_Awake_Auto1.uasset'
[2015.03.24-14.22.43:383][ 62]OBJ SavePackage: Generating thumbnails for [0] asset(s) in package [/Game/AIBots/SleepingAIBot/BTT_Sleep] ([1] browsable assets)...
[2015.03.24-14.22.43:383][ 62]OBJ SavePackage: Finished generating thumbnails for package [/Game/AIBots/SleepingAIBot/BTT_Sleep]
[2015.03.24-14.22.43:591][ 62]LogSavePackage: Save=140.643707ms
[2015.03.24-14.22.43:592][ 62]LogSavePackage: Moving '../../../../../../Temp/Tatu/FirstPersonProject/FirstPersonProject/Saved/BTT_Sleep_Auto125700281482946CFD9AC7295E10B3812.tmp' to '../../../../../../Temp/Tatu/FirstPersonProject/FirstPersonProject/Saved/Autosaves/Game/AIBots/SleepingAIBot/BTT_Sleep_Auto1.uasset'
[2015.03.24-14.22.43:598][ 62]LogFileHelpers: Auto-saving content packages took 0.856
[2015.03.24-14.22.49:094][472]BlueprintLog: New page: Compile BTT_Awake
[2015.03.24-14.22.49:167][472]BlueprintEditorCompileResults: Info [1244.63] Compile of BTT_Awake successful! [in 73 ms]
[2015.03.24-14.22.51:297][625]LogContentBrowser:Verbose: The content browser source was changed by the sources view to '/Game/AIBots/SleepingAIBot'
[2015.03.24-14.22.51:788][658]LogContentBrowser:Verbose: The content browser source was changed by the sources view to '/Game/AIBots/PatrolAIBot'
[2015.03.24-14.27.38:766][249]BlueprintLog: New page: Compile BTT_Awake
[2015.03.24-14.27.38:821][249]LogActorComponent: UnregisterComponent: (/Engine/Transient.CharMoveComp) Not registered. Aborting.
[2015.03.24-14.27.38:821][249]LogActorComponent: UnregisterComponent: (/Engine/Transient.CharacterMovementComponent_2) Not registered. Aborting.
[2015.03.24-14.27.38:845][249]BlueprintEditorCompileResults: Info [1534.28] Compile of BTT_Awake successful! [in 78 ms]
[2015.03.24-14.27.39:776][309]LogPropertyNode: Object is invalid AllowedTypes
[2015.03.24-14.27.39:776][309]LogPropertyNode: Object is invalid AllowedTypes
[2015.03.24-14.27.44:072][627]BlueprintLog: New page: Pre-PIE auto-recompile
[2015.03.24-14.27.44:077][627]LogPlayLevel: [PIE] Compiling BTT_Sleep before PIE...
[2015.03.24-14.27.44:140][627]LogPlayLevel: PIE:  Blueprint regeneration took 67 ms (1 blueprints)
[2015.03.24-14.27.44:140][627]PIE: New page: PIE session: FirstPersonExampleMap (Mar 24, 2015, 6:27:44 PM)
[2015.03.24-14.27.44:160][627]LogPlayLevel: PIE: StaticDuplicateObject took: (0.019064s)
[2015.03.24-14.27.44:161][627]LogPlayLevel: PIE: World Init took: (0.000704s)
[2015.03.24-14.27.44:161][627]LogPlayLevel: PIE: Created PIE world by copying editor world from /Game/FirstPersonBP/Maps/FirstPersonExampleMap.FirstPersonExampleMap to /Game/FirstPersonBP/Maps/UEDPIE_0_FirstPersonExampleMap.FirstPersonExampleMap (0.019964s)
[2015.03.24-14.27.44:200][627]LogWorld: Game class is 'FirstPersonGameMode_C'
[2015.03.24-14.27.44:202][627]LogAIModule: Creating AISystem for world FirstPersonExampleMap
[2015.03.24-14.27.44:217][627]LogWorld:Warning: *** WARNING - PATHS MAY NOT BE VALID ***
[2015.03.24-14.27.44:217][627]LogWorld: Bringing World /Game/FirstPersonBP/Maps/UEDPIE_0_FirstPersonExampleMap.FirstPersonExampleMap up for play (max tick rate 0) at 2015.03.24-16.27.44
[2015.03.24-14.27.44:220][627]LogWorld: Bringing up level for play took: 0.017798
[2015.03.24-14.27.44:222][627]PIE: Info Play in editor start time for /Game/FirstPersonBP/Maps/UEDPIE_0_FirstPersonExampleMap -0.727
[2015.03.24-14.27.44:540][645]LogSelection:Warning: PIE object was selected: "SleepBot_C /Game/FirstPersonBP/Maps/UEDPIE_0_FirstPersonExampleMap.FirstPersonExampleMap:PersistentLevel.SleepBot_C_1"
[2015.03.24-14.27.57:937][679]LogBehaviorTree:Warning: OnCeaseRelevant called on Blueprint service None with invalid owner.  OwnerComponent: BTComponent, OwnerComponent Owner: SleepBotAI_C_14.  OwnerComponent has BeginDestroyed flag
[2015.03.24-14.27.57:937][679]LogBehaviorTree:Warning: OnCeaseRelevant called on Blueprint service None with invalid owner.  OwnerComponent: BTComponent, OwnerComponent Owner: botAI_C_14.  OwnerComponent has BeginDestroyed flag
[2015.03.24-14.27.57:975][680]LogParticles: Destroying 0 GPU particle simulations for FXSystem 0x0000000047C03EC0
[2015.03.24-14.28.03:047][104]BlueprintLog: New page: Compile BTT_Sleep
[2015.03.24-14.28.03:110][104]BlueprintEditorCompileResults: Info [1558.55] Compile of BTT_Sleep successful! [in 62 ms]
[2015.03.24-14.28.05:335][270]LogPlayLevel: PIE:  No blueprints needed recompiling
[2015.03.24-14.28.05:335][270]PIE: New page: PIE session: FirstPersonExampleMap (Mar 24, 2015, 6:28:05 PM)
[2015.03.24-14.28.05:354][270]LogPlayLevel: PIE: StaticDuplicateObject took: (0.018291s)
[2015.03.24-14.28.05:355][270]LogPlayLevel: PIE: World Init took: (0.000590s)
[2015.03.24-14.28.05:355][270]LogPlayLevel: PIE: Created PIE world by copying editor world from /Game/FirstPersonBP/Maps/FirstPersonExampleMap.FirstPersonExampleMap to /Game/FirstPersonBP/Maps/UEDPIE_0_FirstPersonExampleMap.FirstPersonExampleMap (0.019077s)
[2015.03.24-14.28.05:392][270]LogWorld: Game class is 'FirstPersonGameMode_C'
[2015.03.24-14.28.05:394][270]LogAIModule: Creating AISystem for world FirstPersonExampleMap
[2015.03.24-14.28.05:409][270]LogWorld:Warning: *** WARNING - PATHS MAY NOT BE VALID ***
[2015.03.24-14.28.05:409][270]LogWorld: Bringing World /Game/FirstPersonBP/Maps/UEDPIE_0_FirstPersonExampleMap.FirstPersonExampleMap up for play (max tick rate 0) at 2015.03.24-16.28.05
[2015.03.24-14.28.05:412][270]LogWorld: Bringing up level for play took: 0.017509
[2015.03.24-14.28.05:414][270]PIE: Info Play in editor start time for /Game/FirstPersonBP/Maps/UEDPIE_0_FirstPersonExampleMap 0.464
[2015.03.24-14.28.05:722][291]LogSelection:Warning: PIE object was selected: "SleepBot_C /Game/FirstPersonBP/Maps/UEDPIE_0_FirstPersonExampleMap.FirstPersonExampleMap:PersistentLevel.SleepBot_C_1"
[2015.03.24-14.28.33:633][250]LogBehaviorTree:Warning: OnCeaseRelevant called on Blueprint service None with invalid owner.  OwnerComponent: BTComponent, OwnerComponent Owner: SleepBotAI_C_15.  OwnerComponent has BeginDestroyed flag
[2015.03.24-14.28.33:633][250]LogBehaviorTree:Warning: OnCeaseRelevant called on Blueprint service None with invalid owner.  OwnerComponent: BTComponent, OwnerComponent Owner: botAI_C_15.  OwnerComponent has BeginDestroyed flag
[2015.03.24-14.28.33:703][251]LogParticles: Destroying 0 GPU particle simulations for FXSystem 0x000000005CED5300
[2015.03.24-14.30.11:844][852]BlueprintLog: New page: Compile BTT_Awake
[2015.03.24-14.30.11:924][852]BlueprintEditorCompileResults: Info [1687.35] Compile of BTT_Awake successful! [in 79 ms]
[2015.03.24-14.30.14:421][ 20]LogPlayLevel: PIE:  No blueprints needed recompiling
[2015.03.24-14.30.14:421][ 20]PIE: New page: PIE session: FirstPersonExampleMap (Mar 24, 2015, 6:30:14 PM)
[2015.03.24-14.30.14:441][ 20]LogPlayLevel: PIE: StaticDuplicateObject took: (0.019435s)
[2015.03.24-14.30.14:442][ 20]LogPlayLevel: PIE: World Init took: (0.000620s)
[2015.03.24-14.30.14:442][ 20]LogPlayLevel: PIE: Created PIE world by copying editor world from /Game/FirstPersonBP/Maps/FirstPersonExampleMap.FirstPersonExampleMap to /Game/FirstPersonBP/Maps/UEDPIE_0_FirstPersonExampleMap.FirstPersonExampleMap (0.020263s)
[2015.03.24-14.30.14:480][ 20]LogWorld: Game class is 'FirstPersonGameMode_C'
[2015.03.24-14.30.14:482][ 20]LogAIModule: Creating AISystem for world FirstPersonExampleMap
[2015.03.24-14.30.14:497][ 20]LogWorld:Warning: *** WARNING - PATHS MAY NOT BE VALID ***
[2015.03.24-14.30.14:497][ 20]LogWorld: Bringing World /Game/FirstPersonBP/Maps/UEDPIE_0_FirstPersonExampleMap.FirstPersonExampleMap up for play (max tick rate 0) at 2015.03.24-16.30.14
[2015.03.24-14.30.14:500][ 20]LogWorld: Bringing up level for play took: 0.018006
[2015.03.24-14.30.14:502][ 20]PIE: Info Play in editor start time for /Game/FirstPersonBP/Maps/UEDPIE_0_FirstPersonExampleMap -0.46
[2015.03.24-14.30.36:522][767]LogBehaviorTree:Warning: OnCeaseRelevant called on Blueprint service None with invalid owner.  OwnerComponent: BTComponent, OwnerComponent Owner: SleepBotAI_C_16.  OwnerComponent has BeginDestroyed flag
[2015.03.24-14.30.36:522][767]LogBehaviorTree:Warning: OnCeaseRelevant called on Blueprint service None with invalid owner.  OwnerComponent: BTComponent, OwnerComponent Owner: botAI_C_16.  OwnerComponent has BeginDestroyed flag
[2015.03.24-14.30.36:591][768]LogParticles: Destroying 0 GPU particle simulations for FXSystem 0x000000001684C5E0
[2015.03.24-14.30.49:190][537]LogSavePackage: Save=1845.729736ms
[2015.03.24-14.30.49:190][537]LogSavePackage: Moving '../../../../../../Temp/Tatu/FirstPersonProject/FirstPersonProject/Saved/FirstPersonExampleMap17FC544D47FA481191A4D4B8AD5BDA65.tmp' to '../../../../../../Temp/Tatu/FirstPersonProject/FirstPersonProject/Content/FirstPersonBP/Maps/FirstPersonExampleMap.umap'
[2015.03.24-14.30.51:409][569]LogSavePackage: Save=106.395256ms
[2015.03.24-14.30.51:409][569]LogSavePackage: Moving '../../../../../../Temp/Tatu/FirstPersonProject/FirstPersonProject/Saved/BTS_DetectSoundB0F6B4CF47FB835A6D78A6B653C10689.tmp' to '../../../../../../Temp/Tatu/FirstPersonProject/FirstPersonProject/Content/AIBots/SleepingAIBot/BTS_DetectSound.uasset'
[2015.03.24-14.30.51:429][569]Cmd: OBJ SAVEPACKAGE PACKAGE="/Game/AIBots/SleepingAIBot/BTT_Awake" FILE="../../../../../../Temp/Tatu/FirstPersonProject/FirstPersonProject/Content/AIBots/SleepingAIBot/BTT_Awake.uasset" SILENT=true
[2015.03.24-14.30.51:500][569]LogSavePackage: Save=58.986599ms
[2015.03.24-14.30.51:500][569]LogSavePackage: Moving '../../../../../../Temp/Tatu/FirstPersonProject/FirstPersonProject/Saved/BTT_AwakeE629D2204C85B733C392FDA8BDD97239.tmp' to '../../../../../../Temp/Tatu/FirstPersonProject/FirstPersonProject/Content/AIBots/SleepingAIBot/BTT_Awake.uasset'
[2015.03.24-14.30.51:509][569]Cmd: OBJ SAVEPACKAGE PACKAGE="/Game/AIBots/SleepingAIBot/BTT_Sleep" FILE="../../../../../../Temp/Tatu/FirstPersonProject/FirstPersonProject/Content/AIBots/SleepingAIBot/BTT_Sleep.uasset" SILENT=true
[2015.03.24-14.30.51:540][569]LogSavePackage: Save=17.672827ms
[2015.03.24-14.30.51:540][569]LogSavePackage: Moving '../../../../../../Temp/Tatu/FirstPersonProject/FirstPersonProject/Saved/BTT_Sleep1104421D4FFB00CD96F2E18CEFFC5BF4.tmp' to '../../../../../../Temp/Tatu/FirstPersonProject/FirstPersonProject/Content/AIBots/SleepingAIBot/BTT_Sleep.uasset'
[2015.03.24-14.30.52:100][570]Cmd: QUIT_EDITOR
[2015.03.24-14.30.52:351][570]LogExit: Preparing to exit.
[2015.03.24-14.30.53:171][570]LogExit: Editor shut down
[2015.03.24-14.30.53:172][570]LogExit: Transaction tracking system shut down
[2015.03.24-14.30.53:172][570]LogParticles: Destroying 0 GPU particle simulations for FXSystem 0x0000000014E4CE00
[2015.03.24-14.30.53:173][570]LogParticles: Destroying 0 GPU particle simulations for FXSystem 0x00000000142044A0
[2015.03.24-14.30.53:175][570]LogParticles: Destroying 0 GPU particle simulations for FXSystem 0x0000000019B2FB00
[2015.03.24-14.30.53:175][570]LogParticles: Destroying 0 GPU particle simulations for FXSystem 0x000000001717E0C0
[2015.03.24-14.30.53:175][570]LogParticles: Destroying 0 GPU particle simulations for FXSystem 0x000000001738B600
[2015.03.24-14.30.53:175][570]LogParticles: Destroying 0 GPU particle simulations for FXSystem 0x000000004073A660
[2015.03.24-14.30.53:175][570]LogParticles: Destroying 0 GPU particle simulations for FXSystem 0x000000000CF02FC0
[2015.03.24-14.30.53:273][570]LogParticles: Destroying 0 GPU particle simulations for FXSystem 0x00000000431DC540
[2015.03.24-14.30.53:273][570]LogExit: Object subsystem successfully closed.
[2015.03.24-14.30.53:318][570]LogModuleManager: Shutting down and abandoning module CrashTracker (177)
[2015.03.24-14.30.53:318][570]LogModuleManager: Shutting down and abandoning module SuperSearch (176)
[2015.03.24-14.30.53:318][570]LogModuleManager: Shutting down and abandoning module SceneOutliner (175)
[2015.03.24-14.30.53:318][570]LogModuleManager: Shutting down and abandoning module EditorWidgets (174)
[2015.03.24-14.30.53:318][570]LogModuleManager: Shutting down and abandoning module CollectionManager (173)
[2015.03.24-14.30.53:318][570]LogModuleManager: Shutting down and abandoning module StatsViewer (172)
[2015.03.24-14.30.53:318][570]LogModuleManager: Shutting down and abandoning module FoliageEdit (171)
[2015.03.24-14.30.53:318][570]LogModuleManager: Shutting down and abandoning module LandscapeEditor (170)
[2015.03.24-14.30.53:319][570]LogModuleManager: Shutting down and abandoning module MeshPaint (169)
[2015.03.24-14.30.53:319][570]LogModuleManager: Shutting down and abandoning module ActorPickerMode (168)
[2015.03.24-14.30.53:319][570]LogModuleManager: Shutting down and abandoning module GeometryMode (167)
[2015.03.24-14.30.53:319][570]LogModuleManager: Shutting down and abandoning module TextureAlignMode (166)
[2015.03.24-14.30.53:319][570]LogModuleManager: Shutting down and abandoning module BspMode (165)
[2015.03.24-14.30.53:319][570]LogModuleManager: Shutting down and abandoning module PlacementMode (164)
[2015.03.24-14.30.53:319][570]LogModuleManager: Shutting down and abandoning module AutomationWorker (163)
[2015.03.24-14.30.53:319][570]LogModuleManager: Shutting down and abandoning module CharacterAI (162)
[2015.03.24-14.30.53:319][570]LogModuleManager: Shutting down and abandoning module SmartSnapping (161)
[2015.03.24-14.30.53:319][570]LogModuleManager: Shutting down and abandoning module ViewportSnapping (160)
[2015.03.24-14.30.53:319][570]LogModuleManager: Shutting down and abandoning module LogVisualizer (159)
[2015.03.24-14.30.53:319][570]LogModuleManager: Shutting down and abandoning module GameProjectGeneration (158)
[2015.03.24-14.30.53:319][570]LogModuleManager: Shutting down and abandoning module IntroTutorials (157)
[2015.03.24-14.30.53:319][570]LogModuleManager: Shutting down and abandoning module EditorLiveStreaming (156)
[2015.03.24-14.30.53:319][570]LogModuleManager: Shutting down and abandoning module HardwareTargeting (155)
[2015.03.24-14.30.53:319][570]LogModuleManager: Shutting down and abandoning module DeviceProfileEditor (154)
[2015.03.24-14.30.53:319][570]LogModuleManager: Shutting down and abandoning module UndoHistory (153)
[2015.03.24-14.30.53:319][570]LogModuleManager: Shutting down and abandoning module GameplayTagsEditor (152)
[2015.03.24-14.30.53:319][570]LogModuleManager: Shutting down and abandoning module UserFeedback (151)
[2015.03.24-14.30.53:319][570]LogModuleManager: Shutting down and abandoning module XmlParser (150)
[2015.03.24-14.30.53:319][570]LogModuleManager: Shutting down and abandoning module Blutility (149)
[2015.03.24-14.30.53:319][570]LogModuleManager: Shutting down and abandoning module IOSPlatformEditor (148)
[2015.03.24-14.30.53:319][570]LogModuleManager: Shutting down and abandoning module IOSRuntimeSettings (147)
[2015.03.24-14.30.53:319][570]LogModuleManager: Shutting down and abandoning module AndroidDeviceDetection (146)
[2015.03.24-14.30.53:895][570]LogModuleManager: Shutting down and abandoning module AndroidPlatformEditor (145)
[2015.03.24-14.30.53:895][570]LogModuleManager: Shutting down and abandoning module AndroidRuntimeSettings (144)
[2015.03.24-14.30.53:895][570]LogModuleManager: Shutting down and abandoning module ProjectTargetPlatformEditor (143)
[2015.03.24-14.30.53:895][570]LogModuleManager: Shutting down and abandoning module ProjectSettingsViewer (142)
[2015.03.24-14.30.53:895][570]LogModuleManager: Shutting down and abandoning module InputBindingEditor (141)
[2015.03.24-14.30.53:895][570]LogModuleManager: Shutting down and abandoning module EditorSettingsViewer (140)
[2015.03.24-14.30.53:895][570]LogModuleManager: Shutting down and abandoning module SettingsEditor (139)
[2015.03.24-14.30.53:896][570]LogModuleManager: Shutting down and abandoning module ProjectLauncher (138)
[2015.03.24-14.30.53:896][570]LogModuleManager: Shutting down and abandoning module SessionFrontend (137)
[2015.03.24-14.30.53:896][570]LogModuleManager: Shutting down and abandoning module ProfilerClient (136)
[2015.03.24-14.30.53:896][570]LogModuleManager: Shutting down and abandoning module TargetDeviceServices (135)
[2015.03.24-14.30.53:896][570]LogModuleManager: Shutting down and abandoning module DeviceManager (134)
[2015.03.24-14.30.53:896][570]LogModuleManager: Shutting down and abandoning module AutomationController (133)
[2015.03.24-14.30.53:896][570]LogModuleManager: Shutting down and abandoning module AutomationWindow (132)
[2015.03.24-14.30.53:896][570]LogModuleManager: Shutting down and abandoning module Layers (131)
[2015.03.24-14.30.53:896][570]LogModuleManager: Shutting down and abandoning module ComponentVisualizers (130)
[2015.03.24-14.30.53:896][570]LogModuleManager: Shutting down and abandoning module DetailCustomizations (129)
[2015.03.24-14.30.53:896][570]LogModuleManager: Shutting down and abandoning module PackagesDialog (128)
[2015.03.24-14.30.53:896][570]LogModuleManager: Shutting down and abandoning module AssetRegistry (127)
[2015.03.24-14.30.54:000][570]LogModuleManager: Shutting down and abandoning module Persona (126)
[2015.03.24-14.30.54:000][570]LogModuleManager: Shutting down and abandoning module SlateReflector (125)
[2015.03.24-14.30.54:000][570]LogModuleManager: Shutting down and abandoning module LevelEditor (124)
[2015.03.24-14.30.54:001][570]LogModuleManager: Shutting down and abandoning module Kismet (123)
[2015.03.24-14.30.54:002][570]LogModuleManager: Shutting down and abandoning module GraphEditor (122)
[2015.03.24-14.30.54:002][570]LogModuleManager: Shutting down and abandoning module ClassViewer (121)
[2015.03.24-14.30.54:002][570]LogModuleManager: Shutting down and abandoning module Toolbox (120)
[2015.03.24-14.30.54:002][570]LogModuleManager: Shutting down and abandoning module ModuleUI (119)
[2015.03.24-14.30.54:002][570]LogModuleManager: Shutting down and abandoning module MovieSceneTools (118)
[2015.03.24-14.30.54:002][570]LogModuleManager: Shutting down and abandoning module OutputLog (117)
[2015.03.24-14.30.54:002][570]LogModuleManager: Shutting down and abandoning module GammaUI (116)
[2015.03.24-14.30.54:002][570]LogModuleManager: Shutting down and abandoning module Documentation (115)
[2015.03.24-14.30.54:002][570]LogModuleManager: Shutting down and abandoning module GameLiveStreaming (114)
[2015.03.24-14.30.54:002][570]LogModuleManager: Shutting down and abandoning module StreamingPauseRendering (113)
[2015.03.24-14.30.54:002][570]LogModuleManager: Shutting down and abandoning module HTTP (112)
[2015.03.24-14.30.54:003][570]LogModuleManager: Shutting down and abandoning module AnalyticsET (111)
[2015.03.24-14.30.54:003][570]LogModuleManager: Shutting down and abandoning module Analytics (110)
[2015.03.24-14.30.54:003][570]LogModuleManager: Shutting down and abandoning module AITestSuite (109)
[2015.03.24-14.30.54:003][570]LogModuleManager: Shutting down and abandoning module GameplayDebugger (108)
[2015.03.24-14.30.54:003][570]LogModuleManager: Shutting down and abandoning module AIModule (107)
[2015.03.24-14.30.54:003][570]LogModuleManager: Shutting down and abandoning module ProfilerService (106)
[2015.03.24-14.30.54:027][570]LogModuleManager: Shutting down and abandoning module TaskGraph (105)
[2015.03.24-14.30.54:027][570]LogModuleManager: Shutting down and abandoning module SlateRemote (104)
[2015.03.24-14.30.54:027][570]LogModuleManager: Shutting down and abandoning module ScriptEditorPlugin (103)
[2015.03.24-14.30.54:027][570]LogModuleManager: Shutting down and abandoning module CustomMeshComponent (102)
[2015.03.24-14.30.54:027][570]LogModuleManager: Shutting down and abandoning module CableComponent (101)
[2015.03.24-14.30.54:027][570]LogModuleManager: Shutting down and abandoning module MessagingDebugger (100)
[2015.03.24-14.30.54:027][570]LogModuleManager: Shutting down and abandoning module MediaPlayerEditor (99)
[2015.03.24-14.30.54:027][570]LogModuleManager: Shutting down and abandoning module SpeedTreeImporter (98)
[2015.03.24-14.30.54:027][570]LogModuleManager: Shutting down and abandoning module PluginsEditor (97)
[2015.03.24-14.30.54:027][570]LogModuleManager: Shutting down and abandoning module MainFrame (96)
[2015.03.24-14.30.54:027][570]LogModuleManager: Shutting down and abandoning module EpicSurvey (95)
[2015.03.24-14.30.54:027][570]LogModuleManager: Shutting down and abandoning module DesktopPlatform (94)
[2015.03.24-14.30.54:027][570]LogModuleManager: Shutting down and abandoning module DirectoryWatcher (93)
[2015.03.24-14.30.54:028][570]LogModuleManager: Shutting down and abandoning module HotReload (92)
[2015.03.24-14.30.54:028][570]LogModuleManager: Shutting down and abandoning module VisualStudioSourceCodeAccess (91)
[2015.03.24-14.30.54:028][570]LogModuleManager: Shutting down and abandoning module UObjectPlugin (90)
[2015.03.24-14.30.54:028][570]LogModuleManager: Shutting down and abandoning module SubversionSourceControl (89)
[2015.03.24-14.30.54:028][570]LogModuleManager: Shutting down and abandoning module PerforceSourceControl (88)
[2015.03.24-14.30.54:028][570]LogModuleManager: Shutting down and abandoning module SourceControl (87)
[2015.03.24-14.30.54:028][570]LogModuleManager: Shutting down and abandoning module GitSourceControl (86)
[2015.03.24-14.30.54:028][570]LogModuleManager: Shutting down and abandoning module BlankPlugin (85)
[2015.03.24-14.30.54:028][570]LogModuleManager: Shutting down and abandoning module PaperTiledImporter (84)
[2015.03.24-14.30.54:028][570]LogModuleManager: Shutting down and abandoning module PaperJsonImporter (83)
[2015.03.24-14.30.54:028][570]LogModuleManager: Shutting down and abandoning module ContentBrowser (82)
[2015.03.24-14.30.54:029][570]LogModuleManager: Shutting down and abandoning module Paper2DEditor (81)
[2015.03.24-14.30.54:029][570]LogModuleManager: Shutting down and abandoning module ScriptPlugin (80)
[2015.03.24-14.30.54:029][570]LogModuleManager: Shutting down and abandoning module UdpMessaging (79)
[2015.03.24-14.30.54:129][570]LogModuleManager: Shutting down and abandoning module Paper2D (78)
[2015.03.24-14.30.54:129][570]LogModuleManager: Shutting down and abandoning module WindowsMoviePlayer (77)
[2015.03.24-14.30.54:132][570]LogModuleManager: Shutting down and abandoning module Media (76)
[2015.03.24-14.30.54:132][570]LogModuleManager: Shutting down and abandoning module WmfMedia (75)
[2015.03.24-14.30.54:133][570]LogModuleManager: Shutting down and abandoning module OnlineBlueprintSupport (74)
[2015.03.24-14.30.54:133][570]LogModuleManager: Shutting down and abandoning module PropertyEditor (73)
[2015.03.24-14.30.54:133][570]LogModuleManager: Shutting down and abandoning module BehaviorTreeEditor (72)
[2015.03.24-14.30.54:133][570]LogModuleManager: Shutting down and abandoning module FunctionalTesting (71)
[2015.03.24-14.30.54:133][570]LogModuleManager: Shutting down and abandoning module CollisionAnalyzer (70)
[2015.03.24-14.30.54:133][570]LogModuleManager: Shutting down and abandoning module WorkspaceMenuStructure (69)
[2015.03.24-14.30.54:133][570]LogModuleManager: Shutting down and abandoning module MessageLog (68)
[2015.03.24-14.30.54:133][570]LogModuleManager: Shutting down and abandoning module Sequencer (67)
[2015.03.24-14.30.54:133][570]LogModuleManager: Shutting down and abandoning module AssetTools (66)
[2015.03.24-14.30.54:133][570]LogModuleManager: Shutting down and abandoning module UMGEditor (65)
[2015.03.24-14.30.54:133][570]LogModuleManager: Shutting down and abandoning module UMG (64)
[2015.03.24-14.30.54:133][570]LogModuleManager: Shutting down and abandoning module Slate (63)
[2015.03.24-14.30.54:133][570]LogModuleManager: Shutting down and abandoning module EditorStyle (62)
[2015.03.24-14.30.54:141][570]LogModuleManager: Shutting down and abandoning module SessionServices (61)
[2015.03.24-14.30.54:142][570]LogModuleManager: Shutting down and abandoning module SourceCodeAccess (60)
[2015.03.24-14.30.54:142][570]LogModuleManager: Shutting down and abandoning module HeadMountedDisplay (59)
[2015.03.24-14.30.54:142][570]LogModuleManager: Shutting down and abandoning module XAudio2 (58)
[2015.03.24-14.30.54:142][570]LogModuleManager: Shutting down and abandoning module Networking (56)
[2015.03.24-14.30.54:142][570]LogModuleManager: Shutting down and abandoning module Core (55)
[2015.03.24-14.30.54:142][570]LogModuleManager: Shutting down and abandoning module KismetCompiler (54)
[2015.03.24-14.30.54:142][570]LogModuleManager: Shutting down and abandoning module PhysXFormats (53)
[2015.03.24-14.30.54:142][570]LogModuleManager: Shutting down and abandoning module MeshUtilities (52)
[2015.03.24-14.30.54:142][570]LogModuleManager: Shutting down and abandoning module DerivedDataCache (51)
[2015.03.24-14.30.54:211][570]LogDerivedDataCache: Shutdown
[2015.03.24-14.30.54:211][570]LogModuleManager: Shutting down and abandoning module ShaderFormatOpenGL (50)
[2015.03.24-14.30.54:211][570]LogModuleManager: Shutting down and abandoning module ShaderFormatD3D (49)
[2015.03.24-14.30.54:211][570]LogModuleManager: Shutting down and abandoning module MetalShaderFormat (48)
[2015.03.24-14.30.54:211][570]LogModuleManager: Shutting down and abandoning module TextureFormatUncompressed (47)
[2015.03.24-14.30.54:211][570]LogModuleManager: Shutting down and abandoning module TextureFormatPVR (46)
[2015.03.24-14.30.54:211][570]LogModuleManager: Shutting down and abandoning module TextureFormatIntelISPCTexComp (45)
[2015.03.24-14.30.54:211][570]LogModuleManager: Shutting down and abandoning module TextureFormatDXT (44)
[2015.03.24-14.30.54:211][570]LogModuleManager: Shutting down and abandoning module ImageWrapper (43)
[2015.03.24-14.30.54:211][570]LogModuleManager: Shutting down and abandoning module TextureFormatASTC (42)
[2015.03.24-14.30.54:211][570]LogModuleManager: Shutting down and abandoning module TextureFormatAndroid (41)
[2015.03.24-14.30.54:211][570]LogModuleManager: Shutting down and abandoning module AudioFormatOpus (40)
[2015.03.24-14.30.54:211][570]LogModuleManager: Shutting down and abandoning module AudioFormatOgg (39)
[2015.03.24-14.30.54:211][570]LogModuleManager: Shutting down and abandoning module AudioFormatADPCM (38)
[2015.03.24-14.30.54:211][570]LogModuleManager: Shutting down and abandoning module LinuxTargetPlatform (37)
[2015.03.24-14.30.54:211][570]LogModuleManager: Shutting down and abandoning module LinuxServerTargetPlatform (36)
[2015.03.24-14.30.54:211][570]LogModuleManager: Shutting down and abandoning module LinuxNoEditorTargetPlatform (35)
[2015.03.24-14.30.54:211][570]LogModuleManager: Shutting down and abandoning module Messaging (34)
[2015.03.24-14.30.54:211][570]LogModuleManager: Shutting down and abandoning module IOSTargetPlatform (33)
[2015.03.24-14.30.54:211][570]LogModuleManager: Shutting down and abandoning module HTML5TargetPlatform (32)
[2015.03.24-14.30.54:211][570]LogModuleManager: Shutting down and abandoning module Android_PVRTCTargetPlatform (31)
[2015.03.24-14.30.54:211][570]LogModuleManager: Shutting down and abandoning module Android_ETC2TargetPlatform (30)
[2015.03.24-14.30.54:211][570]LogModuleManager: Shutting down and abandoning module Android_ETC1TargetPlatform (29)
[2015.03.24-14.30.54:211][570]LogModuleManager: Shutting down and abandoning module Android_ES31TargetPlatform (28)
[2015.03.24-14.30.54:211][570]LogModuleManager: Shutting down and abandoning module Android_DXTTargetPlatform (27)
[2015.03.24-14.30.54:211][570]LogModuleManager: Shutting down and abandoning module Android_ATCTargetPlatform (26)
[2015.03.24-14.30.54:211][570]LogModuleManager: Shutting down and abandoning module AndroidTargetPlatform (25)
[2015.03.24-14.30.54:211][570]LogModuleManager: Shutting down and abandoning module WindowsTargetPlatform (24)
[2015.03.24-14.30.54:211][570]LogModuleManager: Shutting down and abandoning module WindowsServerTargetPlatform (23)
[2015.03.24-14.30.54:212][570]LogModuleManager: Shutting down and abandoning module WindowsNoEditorTargetPlatform (22)
[2015.03.24-14.30.54:212][570]LogModuleManager: Shutting down and abandoning module WindowsClientTargetPlatform (21)
[2015.03.24-14.30.54:212][570]LogModuleManager: Shutting down and abandoning module TargetPlatform (20)
[2015.03.24-14.30.54:212][570]LogModuleManager: Shutting down and abandoning module InputCore (19)
[2015.03.24-14.30.54:212][570]LogModuleManager: Shutting down and abandoning module Settings (18)
[2015.03.24-14.30.54:212][570]LogModuleManager: Shutting down and abandoning module OnlineSubsystem (16)
[2015.03.24-14.30.54:212][570]LogModuleManager: Shutting down and abandoning module OculusRift (15)
[2015.03.24-14.30.54:212][570]LogModuleManager: Shutting down and abandoning module ExampleDeviceProfileSelector (14)
[2015.03.24-14.30.54:212][570]LogModuleManager: Shutting down and abandoning module TextureCompressor (13)
[2015.03.24-14.30.54:212][570]LogModuleManager: Shutting down and abandoning module ShaderCore (12)
[2015.03.24-14.30.54:212][570]LogModuleManager: Shutting down and abandoning module Landscape (11)
[2015.03.24-14.30.54:212][570]LogModuleManager: Shutting down and abandoning module SlateRHIRenderer (10)
[2015.03.24-14.30.54:216][570]LogModuleManager: Shutting down and abandoning module OpenGLDrv (9)
[2015.03.24-14.30.54:216][570]LogModuleManager: Shutting down and abandoning module D3D11RHI (8)
[2015.03.24-14.30.54:216][570]LogModuleManager: Shutting down and abandoning module Renderer (7)
[2015.03.24-14.30.54:216][570]LogModuleManager: Shutting down and abandoning module Engine (6)
[2015.03.24-14.30.54:216][570]LogModuleManager: Shutting down and abandoning module CoreUObject (5)
[2015.03.24-14.30.54:216][570]LogModuleManager: Shutting down and abandoning module NetworkFile (4)
[2015.03.24-14.30.54:216][570]LogModuleManager: Shutting down and abandoning module StreamingFile (3)
[2015.03.24-14.30.54:216][570]LogModuleManager: Shutting down and abandoning module SandboxFile (2)
[2015.03.24-14.30.54:216][570]LogModuleManager: Shutting down and abandoning module PakFile (1)
[2015.03.24-14.30.54:217][570]LogExit: Exiting.
[2015.03.24-14.30.54:226][570]Log file closed, 03/24/15 16:30:54
