Log file open, 04/13/15 16:25:58
LogInit:Display: Running engine for game: FirstPersonProject
LogInit: Version: 4.7.5-2503383+++depot+UE4-Releases+4.7
LogInit: API Version: 2455222
LogInit: Compiled (64-bit): Apr  6 2015 23:21:51
LogInit: Compiled with Visual C++: 18.00.21005.01
LogInit: Build Configuration: Development
LogInit: Branch Name: ++depot+UE4-Releases+4.7
LogInit: Command line:  
LogInit: Base directory: C:/Program Files/Epic Games/4.7/Engine/Binaries/Win64/
LogInit: Rocket: 1
[2015.04.13-13.25.58:654][  0]LogTaskGraph: Started task graph with 3 named threads and 6 total threads.
[2015.04.13-13.25.58:701][  0]LogOnline:Warning: No default platform service specified for OnlineSubsystem
[2015.04.13-13.25.58:708][  0]LogInit: Presizing for 0 objects not considered by GC, pre-allocating 0 bytes.
[2015.04.13-13.25.58:716][  0]LogInit: Object subsystem initialized
[2015.04.13-13.25.58:718][  0]LogConsoleResponse:Warning: Skipping Unknown console variable: 'TranslucentSortAxis = (X=0.000000,Y=-1.000000,Z=0.000000)'
[2015.04.13-13.25.58:718][  0]LogConsoleResponse:Warning:   Found in ini file 'C:/Temp/Tatu/FirstPersonProject/Saved/Config/Windows/Engine.ini', in section '[/Script/Engine.RendererSettings]'
[2015.04.13-13.25.58:718][  0]LogConsoleResponse:Warning: Skipping Unknown console variable: 'UIScaleRule = ShortestSide'
[2015.04.13-13.25.58:718][  0]LogConsoleResponse:Warning:   Found in ini file 'C:/Temp/Tatu/FirstPersonProject/Saved/Config/Windows/Engine.ini', in section '[/Script/Engine.RendererSettings]'
[2015.04.13-13.25.58:718][  0]LogConsoleResponse:Warning: Skipping Unknown console variable: 'UIScaleCurve = (EditorCurveData=(Keys=),ExternalCurve=None)'
[2015.04.13-13.25.58:718][  0]LogConsoleResponse:Warning:   Found in ini file 'C:/Temp/Tatu/FirstPersonProject/Saved/Config/Windows/Engine.ini', in section '[/Script/Engine.RendererSettings]'
[2015.04.13-13.25.58:718][  0]LogInit: Selected Device Profile: [Windows]
[2015.04.13-13.25.58:718][  0]LogInit: Applying CVar settings loaded from the selected device profile: [Windows]
[2015.04.13-13.25.58:723][  0]LogInit: Computer: PELIKONE6-PC
[2015.04.13-13.25.58:723][  0]LogInit: User: c2tnenon
[2015.04.13-13.25.58:723][  0]LogInit: CPU Page size=4096, Cores=4
[2015.04.13-13.25.58:723][  0]LogInit: High frequency timer resolution =3.416035 MHz
[2015.04.13-13.25.58:723][  0]LogMemory: Memory total: Physical=15.9GB (16GB approx) Virtual=8192.0GB
[2015.04.13-13.25.58:723][  0]LogMemory: Platform Memory Stats for Windows
[2015.04.13-13.25.58:723][  0]LogMemory: Process Physical Memory: 48.31 MB used, 48.31 MB peak
[2015.04.13-13.25.58:723][  0]LogMemory: Process Virtual Memory: 28.39 MB used, 28.39 MB peak
[2015.04.13-13.25.58:723][  0]LogMemory: Physical Memory: 3278.66 MB used, 16325.56 MB total
[2015.04.13-13.25.58:723][  0]LogMemory: Virtual Memory: 281.45 MB used, 8388608.00 MB total
[2015.04.13-13.25.58:742][  0]LogD3D11RHI: Found D3D11 adapter 0: NVIDIA GeForce GTX 970 (Feature Level 11_0)
[2015.04.13-13.25.58:742][  0]LogD3D11RHI: Adapter has 4010MB of dedicated video memory, 0MB of dedicated system memory, and 7906MB of shared system memory, 2 output[s]
[2015.04.13-13.25.58:742][  0]LogD3D11RHI: Chosen D3D11 Adapter Id = 0
[2015.04.13-13.25.58:746][  0]LogRHI: Texture pool is 1361 MB (70% of 1945 MB)
[2015.04.13-13.25.58:751][  0]LogD3D11RHI: Async texture creation enabled
[2015.04.13-13.25.58:801][  0]LogTextLocalizationManager: The requested culture ('en_US') has no localization data; parent culture's ('en') localization data will be used.
[2015.04.13-13.25.58:849][  0]LogTextLocalizationManager:Warning: Loading localization resources contain conflicting entries for (Namespace:UICommands, Key:Save_ToolTip):
Resource: (C:/Program Files/Epic Games/4.7/Engine/Content/Localization/Editor/en/Editor.locres) Hash: (-29098895) String: (Saves the current level to disk)
Resource: (C:/Program Files/Epic Games/4.7/Engine/Content/Localization/Engine/en/Engine.locres) Hash: (-1280300587) String: (Save selected data to vlog file)
[2015.04.13-13.25.58:849][  0]LogTextLocalizationManager:Warning: Loading localization resources contain conflicting entries for (Namespace:ContentBrowser, Key:ImportAssetToolTip):
Resource: (C:/Program Files/Epic Games/4.7/Engine/Content/Localization/Editor/en/Editor.locres) Hash: (-630476809) String: (Import to {0}...)
Resource: (C:/Program Files/Epic Games/4.7/Engine/Content/Localization/Editor/en/Editor.locres) Hash: (1271782899) String: (Imports an asset from file to this folder.)
[2015.04.13-13.25.58:916][  0]LogContentStreaming: Texture pool size is 0.000000MB
[2015.04.13-13.26.00:803][  0]LogTargetPlatformManager:Display: Building Assets For Windows
[2015.04.13-13.26.01:180][  0]LogTargetPlatformManager:Display: Building Assets For Windows
[2015.04.13-13.26.01:222][  0]LogDerivedDataCache:Display: Max Cache Size: 512 MB
[2015.04.13-13.26.01:255][  0]LogDerivedDataCache: Loaded boot cache 0.03s 39MB C:/Users/c2tnenon/AppData/Local/UnrealEngine/4.7/DerivedDataCache/Boot.ddc.
[2015.04.13-13.26.01:255][  0]LogDerivedDataCache:Display: Loaded Boot cache: C:/Users/c2tnenon/AppData/Local/UnrealEngine/4.7/DerivedDataCache/Boot.ddc
[2015.04.13-13.26.01:255][  0]LogDerivedDataCache: FDerivedDataBackendGraph:  Pak pak cache file ../../../../../../Temp/Tatu/FirstPersonProject/DerivedDataCache/DDC.ddp not found, will not use a pak cache.
[2015.04.13-13.26.01:255][  0]LogDerivedDataCache: Unable to find inner node Pak for hierarchical cache Hierarchy.
[2015.04.13-13.26.01:354][  0]LogDerivedDataCache:Display: Pak cache opened for reading ../../../Engine/DerivedDataCache/Compressed.ddp.
[2015.04.13-13.26.01:365][  0]LogDerivedDataCache: Using Local data cache path C:/Users/c2tnenon/AppData/Local/UnrealEngine/Common/DerivedDataCache: Writable
[2015.04.13-13.26.01:586][  0]LogMeshUtilities: No automatic mesh reduction module available
[2015.04.13-13.26.01:586][  0]LogMeshUtilities: No automatic mesh merging module available
[2015.04.13-13.26.01:855][  0]LogInit: WinSock: version 1.1 (2.2), MaxSocks=32767, MaxUdp=65467
[2015.04.13-13.26.01:902][  0]LogSlate:Warning: Failed to load font data from '../../../Engine/Content/Slate/Fonts/Roboto-Italic.ttf'
[2015.04.13-13.26.02:458][  0]UdpMessaging: Initializing bridge on interface 0.0.0.0:0 to multicast group 230.0.0.1:6666.
[2015.04.13-13.26.02:631][  0]SourceControl: Info Source control is disabled
[2015.04.13-13.26.02:631][  0]SourceControl: Info Source control is disabled
[2015.04.13-13.26.02:631][  0]SourceControl: Info Source control is disabled
[2015.04.13-13.26.02:631][  0]LogSourceControl: RunCommandInternalRaw: 'git version'
[2015.04.13-13.26.02:632][  0]LogSourceControl: RunCommandInternalRaw: ExecProcess ReturnCode=2 OutResults=''
[2015.04.13-13.26.02:637][  0]SourceControl: Info Source control is disabled
[2015.04.13-13.26.02:747][  0]LogObj: 24232 objects as part of root set at end of initial load.
[2015.04.13-13.26.02:747][  0]LogUObjectAllocator: 5137176 out of 0 bytes used by permanent object pool.
[2015.04.13-13.26.02:806][  0]LogEngine: Initializing Engine...
[2015.04.13-13.26.05:952][  0]LogInit: XAudio2 using 'Speakers (Realtek High Definition Audio)' : 2 channels at 48 kHz using 32 bits per sample (channel mask 0x3)
[2015.04.13-13.26.05:978][  0]LogInit: FAudioDevice initialized.
[2015.04.13-13.26.06:000][  0]LogAIModule: Creating AISystem for world NewWorld
[2015.04.13-13.26.06:018][  0]LogDerivedDataCache: Saved boot cache 0.02s 39MB C:/Users/c2tnenon/AppData/Local/UnrealEngine/4.7/DerivedDataCache/Boot.ddc.
[2015.04.13-13.26.06:022][  0]LogInit: Texture streaming: Enabled
[2015.04.13-13.26.06:083][  0]LogAnalytics: Creating configured Analytics provider AnalyticsET
[2015.04.13-13.26.06:083][  0]LogAnalytics: ET APIKey = Rocket.Release. APIServer = http://et2.epicgames.com/ET2/. AppVersion = 4.7.5-2503383+++depot+UE4-Releases+4.7
[2015.04.13-13.26.06:083][  0]LogAnalytics: ET APIKey = Rocket.Release. DataRouterUploadURL = https://datarouter-public-service-gamedev.ol.epicgames.net/datarouter/api/v1/public/data. AppVersion = 4.7.5-2503383+++depot+UE4-Releases+4.7
[2015.04.13-13.26.06:083][  0]LogAnalytics: SetUserId 8b247dde4dc1463c8f449ead650405d4|6804c67793284305bec8d08e6143faee|a4f57149-14c5-4e0b-a41b-766ff3037b6e
[2015.04.13-13.26.06:083][  0]LogAnalytics: AnalyticsET::StartSession [Rocket.Release]
[2015.04.13-13.26.06:098][  0]LogInit: Transaction tracking system initialized
[2015.04.13-13.26.06:201][  0]BlueprintLog: New page: Editor Load
[2015.04.13-13.26.06:225][  0]LogAssetRegistry: FAssetRegistry took 0.0097 seconds to start up
[2015.04.13-13.26.06:225][  0]LogDirectoryWatcher:Warning: Failed to begin reading directory changes for ../../../Engine/Plugins/Experimental/CharacterAI/Content/. Error: 0
[2015.04.13-13.26.06:603][  0]LogTargetPlatformManager:Display: Building Assets For Windows
[2015.04.13-13.26.06:889][  0]LogTargetPlatformManager:Display: Building Assets For Windows
[2015.04.13-13.26.07:042][  0]LogSlate:Warning: Failed to load font data from '../../../Engine/Content/Editor/Slate/Fonts/Roboto-Regular.ttf'
[2015.04.13-13.26.07:043][  0]LogSlate:Warning: Failed to load font data from '../../../Engine/Content/Editor/Slate/Fonts/Roboto-Bold.ttf'
[2015.04.13-13.26.07:046][  0]LogConsoleResponse:Display: 
[2015.04.13-13.26.07:139][  0]LogCook:Display: Done creating registry. It took  0.00s.
[2015.04.13-13.26.07:221][  0]SourceControl: Info Source control is disabled
[2015.04.13-13.26.27:572][  0]Cmd: MAP LOAD FILE="../../../../../../Temp/Tatu/FirstPersonProject/Content/FirstPersonBP/Maps/FirstPersonExampleMap.umap" TEMPLATE=0 SHOWPROGRESS=1 FEATURELEVEL=3
[2015.04.13-13.26.27:573][  0]LightingResults: New page: Lighting Build
[2015.04.13-13.26.27:581][  0]MapCheck: New page: Map Check
[2015.04.13-13.26.27:581][  0]LightingResults: New page: Lighting Build
[2015.04.13-13.26.27:588][  0]LogParticles: Destroying 0 GPU particle simulations for FXSystem 0x0000000003FDE980
[2015.04.13-13.26.27:952][  0]LogLinker:Warning: Asset '../../../Engine/Content/EngineMeshes/Humanoid.uasset' has been saved with empty engine version. The asset will be loaded but may be incompatible.
[2015.04.13-13.26.29:850][  0]LogEditorServer: Finished looking for orphan Actors (0.000 secs)
[2015.04.13-13.26.29:850][  0]LogAIModule: Creating AISystem for world FirstPersonExampleMap
[2015.04.13-13.26.29:851][  0]Cmd: MAP CHECKDEP
[2015.04.13-13.26.29:851][  0]MapCheck: New page: FirstPersonExampleMap - Apr 13, 2015, 7:26:29 PM
[2015.04.13-13.26.29:924][  0]MapCheck: Info Map check complete: 0 Error(s), 0 Warning(s), took 72.216ms to complete.
[2015.04.13-13.26.29:924][  0]LogFileHelpers: Loading map 'FirstPersonExampleMap' took 2.352
[2015.04.13-13.26.29:990][  0]LogStats:Warning: MetaData mismatch. Did you assign a stat to two groups? New //STATGROUP_Threads//SplashScreenThread///Thread_10b4_0///////STATCAT_Advanced//// old //STATGROUP_Threads//SplashScreenThread///Thread_3548_0///////STATCAT_Advanced////
[2015.04.13-13.26.29:990][  0]LogCollectionManager: Loaded 0 collections in 0.000805 seconds
[2015.04.13-13.26.29:997][  0]LogContentBrowser: Native class hierarchy populated in 0.0065 seconds. Added 1696 classes and 261 folders.
[2015.04.13-13.26.30:020][  0]LogContentBrowser: Native class hierarchy updated for 'SceneOutliner' in 0.0015 seconds. Added 1 classes and 2 folders.
[2015.04.13-13.26.30:047][  0]LogCrashTracker: Crashtracker disabled due to settings.
[2015.04.13-13.26.30:048][  0]LogSlate:Warning: Failed to load font data from 'Veranda'
[2015.04.13-13.26.30:053][  0]LogUObjectGlobals:Warning: Failed to find object 'Class None.'
[2015.04.13-13.26.30:076][  0]LogLoad: Full Startup: 33.04 seconds (BP compile: 0.97 seconds)
[2015.04.13-13.26.30:098][  0]LogContentBrowser:Verbose: The content browser source was changed by the sources view to '/Game/AIBots/PatrolAIBot'
[2015.04.13-13.26.30:195][  0]LogRenderer:Warning: Reallocating scene render targets to support 32x32 (Frame:2).
[2015.04.13-13.26.30:311][  0]LogRenderer:Warning: Reallocating scene render targets to support 1208x576 (Frame:5).
[2015.04.13-13.26.31:429][  4]LogAssetRegistry: Asset discovery search completed in 25.2150 seconds
[2015.04.13-13.26.47:289][ 50]LogRenderer:Warning: Reallocating scene render targets to support 1208x712 (Frame:1302).
[2015.04.13-13.27.05:418][890]BlueprintLog: New page: Compile botCharacter
[2015.04.13-13.27.05:509][890]LogActorComponent: UnregisterComponent: (/Engine/Transient.CharMoveComp) Not registered. Aborting.
[2015.04.13-13.27.05:509][890]LogActorComponent: UnregisterComponent: (/Engine/Transient.CharacterMovementComponent_0) Not registered. Aborting.
[2015.04.13-13.27.05:566][890]BlueprintEditorCompileResults: Info [0068.54] Compile of botCharacter successful! [in 147 ms]
[2015.04.13-13.27.07:760][ 48]LogContentBrowser: Native class hierarchy updated for 'Cascade' in 0.0015 seconds. Added 2 classes and 2 folders.
[2015.04.13-13.27.07:778][ 48]LogPhysics:Warning: PHYSX: ..\..\PhysXExtensions\src\ExtRigidBodyExt.cpp (234) 4 : computeMassAndInertia: Dynamic actor with illegal collision shapes
[2015.04.13-13.27.07:778][ 48]LogPhysics:Warning: PHYSX: ..\..\PhysXExtensions\src\ExtRigidBodyExt.cpp (283) 4 : PxRigidBodyExt::updateMassAndInertia: Mass and inertia computation failed, setting mass to 1 and inertia to (1,1,1)
[2015.04.13-13.27.12:010][452]LogMaterial: Missing cached shader map for material ParticleMat, compiling. 
[2015.04.13-13.27.12:026][452]LogActorComponent: UnregisterComponent: (/Engine/Transient.SkeletalMeshComponent_1) Not registered. Aborting.
[2015.04.13-13.27.12:070][452]LogActorComponent: UnregisterComponent: (/Engine/Transient.SkeletalMeshComponent_1) Not registered. Aborting.
[2015.04.13-13.27.12:070][452]LogActorComponent: RegisterComponentWithWorld: (/Engine/Transient.MaterialEditorMeshComponent_0) Already registered. Aborting.
[2015.04.13-13.27.12:070][452]LogActorComponent: UnregisterComponent: (/Engine/Transient.SkeletalMeshComponent_1) Not registered. Aborting.
[2015.04.13-13.27.12:070][452]LogActorComponent: RegisterComponentWithWorld: (/Engine/Transient.MaterialEditorMeshComponent_0) Already registered. Aborting.
[2015.04.13-13.27.12:073][452]LogMaterial: Missing cached shader map for material ParticleMat, compiling. 
[2015.04.13-13.27.12:075][452]LogMaterial: 0.000031 seconds spent updating 1 materials, 1 interfaces, 0 instances, 0 with static permutations.
[2015.04.13-13.27.12:103][452]LogMaterial: Missing cached shader map for material FMatExpressionPreview MaterialExpressionTextureCoordinate_0, compiling. 
[2015.04.13-13.27.12:104][452]LogMaterial: Missing cached shader map for material FMatExpressionPreview MaterialExpressionComponentMask_0, compiling. 
[2015.04.13-13.27.12:106][452]LogMaterial: Missing cached shader map for material FMatExpressionPreview MaterialExpressionSine_0, compiling. 
[2015.04.13-13.27.12:107][452]LogMaterial: Missing cached shader map for material FMatExpressionPreview MaterialExpressionMultiply_0, compiling. 
[2015.04.13-13.27.12:109][452]LogMaterial: Missing cached shader map for material FMatExpressionPreview MaterialExpressionPower_0, compiling. 
[2015.04.13-13.27.13:297][554]MaterialEditorStats: Info Base pass shader without light map: 10 instructions
[2015.04.13-13.27.13:297][554]MaterialEditorStats: Info Vertex shader: 70 instructions
[2015.04.13-13.27.13:297][554]MaterialEditorStats: Info Texture samplers: 3/16
[2015.04.13-13.27.35:675][734]LogMaterial: Missing cached shader map for material ParticleMat, compiling. 
[2015.04.13-13.27.35:677][734]LogMaterial: 0.000047 seconds spent updating 1 materials, 1 interfaces, 0 instances, 0 with static permutations.
[2015.04.13-13.27.35:678][734]LogMaterial: Missing cached shader map for material FMatExpressionPreview MaterialExpressionTextureObject_0, compiling. 
[2015.04.13-13.27.36:790][828]MaterialEditorStats: Info Base pass shader without light map: 10 instructions
[2015.04.13-13.27.36:790][828]MaterialEditorStats: Info Vertex shader: 70 instructions
[2015.04.13-13.27.36:790][828]MaterialEditorStats: Info Texture samplers: 3/16
[2015.04.13-13.27.38:239][972]LogMaterial: Missing cached shader map for material FMatExpressionPreview MaterialExpressionTextureObject_0, compiling. 
[2015.04.13-13.27.41:057][237]LogContentBrowser: Native class hierarchy updated for 'TextureEditor' in 0.0015 seconds. Added 1 classes and 2 folders.
[2015.04.13-13.28.24:802][641]LogMaterial: Missing cached shader map for material ParticleMat, compiling. 
[2015.04.13-13.28.24:804][641]LogMaterial: 0.000066 seconds spent updating 1 materials, 1 interfaces, 0 instances, 0 with static permutations.
[2015.04.13-13.28.25:874][738]MaterialEditorStats: Info Base pass shader without light map: 8 instructions
[2015.04.13-13.28.25:874][738]MaterialEditorStats: Info Vertex shader: 70 instructions
[2015.04.13-13.28.25:874][738]MaterialEditorStats: Info Texture samplers: 3/16
[2015.04.13-13.28.33:438][489]LogMaterial: Missing cached shader map for material ParticleMat, compiling. 
[2015.04.13-13.28.33:440][489]LogMaterial: 0.000067 seconds spent updating 1 materials, 1 interfaces, 0 instances, 0 with static permutations.
[2015.04.13-13.28.34:174][566]MaterialEditorStats: Info Base pass shader without light map: 10 instructions
[2015.04.13-13.28.34:174][566]MaterialEditorStats: Info Vertex shader: 70 instructions
[2015.04.13-13.28.34:174][566]MaterialEditorStats: Info Texture samplers: 3/16
[2015.04.13-13.31.53:810][483]LogMaterial: Missing cached shader map for material ParticleMat, compiling. 
[2015.04.13-13.31.53:813][483]LogMaterial: 0.000038 seconds spent updating 1 materials, 1 interfaces, 0 instances, 0 with static permutations.
[2015.04.13-13.31.54:846][581]MaterialEditorStats: Info Base pass shader without light map: 10 instructions
[2015.04.13-13.31.54:846][581]MaterialEditorStats: Info Vertex shader: 70 instructions
[2015.04.13-13.31.54:846][581]MaterialEditorStats: Info Texture samplers: 3/16
[2015.04.13-13.34.34:058][270]Cmd: OBJ SAVEPACKAGE PACKAGE="/Game/AIBots/PatrolAIBot/DisabledEffect" FILE="../../../../../../Temp/Tatu/FirstPersonProject/Content/AIBots/PatrolAIBot/DisabledEffect.uasset" SILENT=true
[2015.04.13-13.34.34:090][270]LogSavePackage: Save=24.998573ms
[2015.04.13-13.34.34:090][270]LogSavePackage: Moving '../../../../../../Temp/Tatu/FirstPersonProject/Saved/DisabledEffectCE5D66204425023EFF4CD6BD78D4A944.tmp' to '../../../../../../Temp/Tatu/FirstPersonProject/Content/AIBots/PatrolAIBot/DisabledEffect.uasset'
[2015.04.13-13.34.46:996][447]LogActorComponent: UnregisterComponent: (/Engine/Transient.CharMoveComp) Not registered. Aborting.
[2015.04.13-13.34.57:461][389]LogUnrealMath: Expression Error : No value recognized
[2015.04.13-13.34.57:461][389]LogUnrealMath: Expression Error : Error in expression
[2015.04.13-13.34.57:463][389]LogUnrealMath: Expression Error : No value recognized
[2015.04.13-13.34.57:463][389]LogUnrealMath: Expression Error : Error in expression
[2015.04.13-13.36.15:466][407]BlueprintLog: New page: Compile botCharacter
[2015.04.13-13.36.15:567][407]LogActorComponent: UnregisterComponent: (/Engine/Transient.CharacterMovementComponent_1) Not registered. Aborting.
[2015.04.13-13.36.15:616][407]BlueprintEditorCompileResults: Info [0618.61] Compile of botCharacter successful! [in 149 ms]
[2015.04.13-13.36.35:849][429]LogSavePackage: Save=2531.444092ms
[2015.04.13-13.36.35:849][429]LogSavePackage: Moving '../../../../../../Temp/Tatu/FirstPersonProject/Saved/FirstPersonExampleMap_Auto1BB2B3D584800E9232D7B8DA0FE2D68AB.tmp' to '../../../../../../Temp/Tatu/FirstPersonProject/Saved/Autosaves/Game/FirstPersonBP/Maps/FirstPersonExampleMap_Auto1.umap'
[2015.04.13-13.36.35:861][429]LogFileHelpers: Editor autosave (incl. sublevels) for '/Game/FirstPersonBP/Maps/FirstPersonExampleMap' took 2.632
[2015.04.13-13.36.35:861][429]LogFileHelpers: Editor autosave (incl. sublevels) for all levels took 2.632
[2015.04.13-13.36.35:894][429]OBJ SavePackage: Generating thumbnails for [1] asset(s) in package [/Game/AIBots/PatrolAIBot/botCharacter] ([1] browsable assets)...
[2015.04.13-13.36.35:905][429]OBJ SavePackage:     Rendered thumbnail for [Blueprint /Game/AIBots/PatrolAIBot/botCharacter.botCharacter]
[2015.04.13-13.36.35:906][429]OBJ SavePackage: Finished generating thumbnails for package [/Game/AIBots/PatrolAIBot/botCharacter]
[2015.04.13-13.36.36:400][429]LogSavePackage: Save=483.858612ms
[2015.04.13-13.36.36:400][429]LogSavePackage: Moving '../../../../../../Temp/Tatu/FirstPersonProject/Saved/botCharacter_Auto1BE35D9AA4D06904212EE77B63A47DDBB.tmp' to '../../../../../../Temp/Tatu/FirstPersonProject/Saved/Autosaves/Game/AIBots/PatrolAIBot/botCharacter_Auto1.uasset'
[2015.04.13-13.36.36:436][429]OBJ SavePackage: Generating thumbnails for [1] asset(s) in package [/Game/AIBots/PatrolAIBot/DisabledEffect] ([1] browsable assets)...
[2015.04.13-13.36.36:443][429]OBJ SavePackage:     Rendered thumbnail for [ParticleSystem /Game/AIBots/PatrolAIBot/DisabledEffect.DisabledEffect]
[2015.04.13-13.36.36:443][429]OBJ SavePackage: Finished generating thumbnails for package [/Game/AIBots/PatrolAIBot/DisabledEffect]
[2015.04.13-13.36.36:530][429]LogSavePackage: Save=80.586998ms
[2015.04.13-13.36.36:530][429]LogSavePackage: Moving '../../../../../../Temp/Tatu/FirstPersonProject/Saved/DisabledEffect_Auto112CC0BF9480C2330B20FC2B800E12A1C.tmp' to '../../../../../../Temp/Tatu/FirstPersonProject/Saved/Autosaves/Game/AIBots/PatrolAIBot/DisabledEffect_Auto1.uasset'
[2015.04.13-13.36.36:534][429]LogFileHelpers: Auto-saving content packages took 0.673
[2015.04.13-13.43.35:128][845]Cmd: OBJ SAVEPACKAGE PACKAGE="/Game/AIBots/PatrolAIBot/DisabledEffect" FILE="../../../../../../Temp/Tatu/FirstPersonProject/Content/AIBots/PatrolAIBot/DisabledEffect.uasset" SILENT=true
[2015.04.13-13.43.35:153][845]LogSavePackage: Save=16.347315ms
[2015.04.13-13.43.35:153][845]LogSavePackage: Moving '../../../../../../Temp/Tatu/FirstPersonProject/Saved/DisabledEffect91DFAD7D4BD2878D86439F966533D721.tmp' to '../../../../../../Temp/Tatu/FirstPersonProject/Content/AIBots/PatrolAIBot/DisabledEffect.uasset'
[2015.04.13-13.43.42:524][133]LogMaterial: Missing cached shader map for material ParticleMat, compiling. 
[2015.04.13-13.43.42:531][133]LogMaterial: 0.000075 seconds spent updating 1 materials, 1 interfaces, 0 instances, 0 with static permutations.
[2015.04.13-13.43.42:582][133]LogMaterial: Missing cached shader map for material ParticleMat, compiling. 
[2015.04.13-13.43.42:588][133]LogMaterial: Missing cached shader map for material ParticleMat, compiling. 
[2015.04.13-13.43.42:593][133]LogPhysics:Warning: PHYSX: ..\..\PhysXExtensions\src\ExtRigidBodyExt.cpp (234) 4 : computeMassAndInertia: Dynamic actor with illegal collision shapes
[2015.04.13-13.43.42:593][133]LogPhysics:Warning: PHYSX: ..\..\PhysXExtensions\src\ExtRigidBodyExt.cpp (283) 4 : PxRigidBodyExt::updateMassAndInertia: Mass and inertia computation failed, setting mass to 1 and inertia to (1,1,1)
[2015.04.13-13.43.42:594][133]LogMaterial: 0.002136 seconds spent updating 1 materials, 1 interfaces, 0 instances, 0 with static permutations.
[2015.04.13-13.43.42:597][133]LogActorComponent: UnregisterComponent: (/Engine/Transient.CharMoveComp) Not registered. Aborting.
[2015.04.13-13.43.44:230][133]Cmd: OBJ SAVEPACKAGE PACKAGE="/Game/AIBots/PatrolAIBot/botCharacter" FILE="../../../../../../Temp/Tatu/FirstPersonProject/Content/AIBots/PatrolAIBot/botCharacter.uasset" SILENT=true
[2015.04.13-13.43.44:305][133]LogSavePackage: Save=63.740273ms
[2015.04.13-13.43.44:305][133]LogSavePackage: Moving '../../../../../../Temp/Tatu/FirstPersonProject/Saved/botCharacterDBCC23B747A90EAC548CA1A75F59BB2B.tmp' to '../../../../../../Temp/Tatu/FirstPersonProject/Content/AIBots/PatrolAIBot/botCharacter.uasset'
[2015.04.13-13.43.44:338][133]Cmd: OBJ SAVEPACKAGE PACKAGE="/Game/AIBots/PatrolAIBot/ParticleMat" FILE="../../../../../../Temp/Tatu/FirstPersonProject/Content/AIBots/PatrolAIBot/ParticleMat.uasset" SILENT=true
[2015.04.13-13.43.44:693][133]LogSavePackage: Save=347.867035ms
[2015.04.13-13.43.44:693][133]LogSavePackage: Moving '../../../../../../Temp/Tatu/FirstPersonProject/Saved/ParticleMat3411AD9B4503F7ADBF2491B5799CC376.tmp' to '../../../../../../Temp/Tatu/FirstPersonProject/Content/AIBots/PatrolAIBot/ParticleMat.uasset'
[2015.04.13-13.43.46:609][133]LogSavePackage: Save=1761.689209ms
[2015.04.13-13.43.46:609][133]LogSavePackage: Moving '../../../../../../Temp/Tatu/FirstPersonProject/Saved/FirstPersonExampleMap2291088D404C7C7410D9FF819824F197.tmp' to '../../../../../../Temp/Tatu/FirstPersonProject/Content/FirstPersonBP/Maps/FirstPersonExampleMap.umap'
[2015.04.13-13.43.46:640][133]LogFileHelpers: Saving map 'FirstPersonExampleMap' took 1.943
[2015.04.13-13.43.46:788][133]LogCascade: Quitting Cascade. FXSystem=0x000000000D0C4540
[2015.04.13-13.43.47:342][134]Cmd: QUIT_EDITOR
[2015.04.13-13.43.47:540][134]LogExit: Preparing to exit.
[2015.04.13-13.43.48:594][134]LogExit: Editor shut down
[2015.04.13-13.43.48:594][134]LogExit: Transaction tracking system shut down
[2015.04.13-13.43.48:595][134]LogParticles: Destroying 0 GPU particle simulations for FXSystem 0x000000001C272CA0
[2015.04.13-13.43.48:595][134]LogParticles: Destroying 0 GPU particle simulations for FXSystem 0x0000000019C47E20
[2015.04.13-13.43.48:595][134]LogParticles: Destroying 0 GPU particle simulations for FXSystem 0x000000001423D120
[2015.04.13-13.43.48:595][134]LogParticles: Destroying 0 GPU particle simulations for FXSystem 0x00000000140F25C0
[2015.04.13-13.43.48:595][134]LogParticles: Destroying 0 GPU particle simulations for FXSystem 0x0000000020A95EE0
[2015.04.13-13.43.48:595][134]LogParticles: Destroying 0 GPU particle simulations for FXSystem 0x0000000020A968E0
[2015.04.13-13.43.48:597][134]LogParticles: Destroying 0 GPU particle simulations for FXSystem 0x000000001422AA20
[2015.04.13-13.43.48:603][134]LogParticles: Destroying 0 GPU particle simulations for FXSystem 0x000000000D0C4540
[2015.04.13-13.43.48:722][134]LogExit: Object subsystem successfully closed.
[2015.04.13-13.43.48:767][134]LogModuleManager: Shutting down and abandoning module TextureEditor (181)
[2015.04.13-13.43.48:768][134]LogModuleManager: Shutting down and abandoning module MaterialEditor (180)
[2015.04.13-13.43.48:768][134]LogModuleManager: Shutting down and abandoning module DistCurveEditor (179)
[2015.04.13-13.43.48:768][134]LogModuleManager: Shutting down and abandoning module Cascade (178)
[2015.04.13-13.43.48:768][134]LogModuleManager: Shutting down and abandoning module CrashTracker (177)
[2015.04.13-13.43.48:768][134]LogModuleManager: Shutting down and abandoning module SuperSearch (176)
[2015.04.13-13.43.48:768][134]LogModuleManager: Shutting down and abandoning module SceneOutliner (175)
[2015.04.13-13.43.48:768][134]LogModuleManager: Shutting down and abandoning module EditorWidgets (174)
[2015.04.13-13.43.48:768][134]LogModuleManager: Shutting down and abandoning module CollectionManager (173)
[2015.04.13-13.43.48:768][134]LogModuleManager: Shutting down and abandoning module StatsViewer (172)
[2015.04.13-13.43.48:768][134]LogModuleManager: Shutting down and abandoning module FoliageEdit (171)
[2015.04.13-13.43.48:768][134]LogModuleManager: Shutting down and abandoning module LandscapeEditor (170)
[2015.04.13-13.43.48:768][134]LogModuleManager: Shutting down and abandoning module MeshPaint (169)
[2015.04.13-13.43.48:768][134]LogModuleManager: Shutting down and abandoning module ActorPickerMode (168)
[2015.04.13-13.43.48:768][134]LogModuleManager: Shutting down and abandoning module GeometryMode (167)
[2015.04.13-13.43.48:768][134]LogModuleManager: Shutting down and abandoning module TextureAlignMode (166)
[2015.04.13-13.43.48:768][134]LogModuleManager: Shutting down and abandoning module BspMode (165)
[2015.04.13-13.43.48:768][134]LogModuleManager: Shutting down and abandoning module PlacementMode (164)
[2015.04.13-13.43.48:768][134]LogModuleManager: Shutting down and abandoning module AutomationWorker (163)
[2015.04.13-13.43.48:768][134]LogModuleManager: Shutting down and abandoning module CharacterAI (162)
[2015.04.13-13.43.48:768][134]LogModuleManager: Shutting down and abandoning module SmartSnapping (161)
[2015.04.13-13.43.48:768][134]LogModuleManager: Shutting down and abandoning module ViewportSnapping (160)
[2015.04.13-13.43.48:768][134]LogModuleManager: Shutting down and abandoning module LogVisualizer (159)
[2015.04.13-13.43.48:769][134]LogModuleManager: Shutting down and abandoning module GameProjectGeneration (158)
[2015.04.13-13.43.48:769][134]LogModuleManager: Shutting down and abandoning module IntroTutorials (157)
[2015.04.13-13.43.48:769][134]LogModuleManager: Shutting down and abandoning module EditorLiveStreaming (156)
[2015.04.13-13.43.48:769][134]LogModuleManager: Shutting down and abandoning module HardwareTargeting (155)
[2015.04.13-13.43.48:769][134]LogModuleManager: Shutting down and abandoning module DeviceProfileEditor (154)
[2015.04.13-13.43.48:769][134]LogModuleManager: Shutting down and abandoning module UndoHistory (153)
[2015.04.13-13.43.48:769][134]LogModuleManager: Shutting down and abandoning module GameplayTagsEditor (152)
[2015.04.13-13.43.48:769][134]LogModuleManager: Shutting down and abandoning module UserFeedback (151)
[2015.04.13-13.43.48:769][134]LogModuleManager: Shutting down and abandoning module XmlParser (150)
[2015.04.13-13.43.48:769][134]LogModuleManager: Shutting down and abandoning module Blutility (149)
[2015.04.13-13.43.48:769][134]LogModuleManager: Shutting down and abandoning module IOSPlatformEditor (148)
[2015.04.13-13.43.48:769][134]LogModuleManager: Shutting down and abandoning module IOSRuntimeSettings (147)
[2015.04.13-13.43.48:769][134]LogModuleManager: Shutting down and abandoning module AndroidDeviceDetection (146)
[2015.04.13-13.43.48:936][134]LogModuleManager: Shutting down and abandoning module AndroidPlatformEditor (145)
[2015.04.13-13.43.48:936][134]LogModuleManager: Shutting down and abandoning module AndroidRuntimeSettings (144)
[2015.04.13-13.43.48:936][134]LogModuleManager: Shutting down and abandoning module ProjectTargetPlatformEditor (143)
[2015.04.13-13.43.48:938][134]LogModuleManager: Shutting down and abandoning module ProjectSettingsViewer (142)
[2015.04.13-13.43.48:938][134]LogModuleManager: Shutting down and abandoning module InputBindingEditor (141)
[2015.04.13-13.43.48:938][134]LogModuleManager: Shutting down and abandoning module EditorSettingsViewer (140)
[2015.04.13-13.43.48:939][134]LogModuleManager: Shutting down and abandoning module SettingsEditor (139)
[2015.04.13-13.43.48:939][134]LogModuleManager: Shutting down and abandoning module ProjectLauncher (138)
[2015.04.13-13.43.48:939][134]LogModuleManager: Shutting down and abandoning module SessionFrontend (137)
[2015.04.13-13.43.48:939][134]LogModuleManager: Shutting down and abandoning module ProfilerClient (136)
[2015.04.13-13.43.48:939][134]LogModuleManager: Shutting down and abandoning module TargetDeviceServices (135)
[2015.04.13-13.43.48:939][134]LogModuleManager: Shutting down and abandoning module DeviceManager (134)
[2015.04.13-13.43.48:940][134]LogModuleManager: Shutting down and abandoning module AutomationController (133)
[2015.04.13-13.43.48:940][134]LogModuleManager: Shutting down and abandoning module AutomationWindow (132)
[2015.04.13-13.43.48:941][134]LogModuleManager: Shutting down and abandoning module Layers (131)
[2015.04.13-13.43.48:941][134]LogModuleManager: Shutting down and abandoning module ComponentVisualizers (130)
[2015.04.13-13.43.48:941][134]LogModuleManager: Shutting down and abandoning module DetailCustomizations (129)
[2015.04.13-13.43.48:941][134]LogModuleManager: Shutting down and abandoning module PackagesDialog (128)
[2015.04.13-13.43.48:942][134]LogModuleManager: Shutting down and abandoning module AssetRegistry (127)
[2015.04.13-13.43.48:993][134]LogModuleManager: Shutting down and abandoning module Persona (126)
[2015.04.13-13.43.48:994][134]LogModuleManager: Shutting down and abandoning module SlateReflector (125)
[2015.04.13-13.43.48:994][134]LogModuleManager: Shutting down and abandoning module LevelEditor (124)
[2015.04.13-13.43.48:995][134]LogModuleManager: Shutting down and abandoning module Kismet (123)
[2015.04.13-13.43.48:995][134]LogModuleManager: Shutting down and abandoning module GraphEditor (122)
[2015.04.13-13.43.48:995][134]LogModuleManager: Shutting down and abandoning module ClassViewer (121)
[2015.04.13-13.43.48:995][134]LogModuleManager: Shutting down and abandoning module Toolbox (120)
[2015.04.13-13.43.48:995][134]LogModuleManager: Shutting down and abandoning module ModuleUI (119)
[2015.04.13-13.43.48:995][134]LogModuleManager: Shutting down and abandoning module MovieSceneTools (118)
[2015.04.13-13.43.48:995][134]LogModuleManager: Shutting down and abandoning module OutputLog (117)
[2015.04.13-13.43.48:995][134]LogModuleManager: Shutting down and abandoning module GammaUI (116)
[2015.04.13-13.43.48:995][134]LogModuleManager: Shutting down and abandoning module Documentation (115)
[2015.04.13-13.43.48:995][134]LogModuleManager: Shutting down and abandoning module GameLiveStreaming (114)
[2015.04.13-13.43.48:996][134]LogModuleManager: Shutting down and abandoning module StreamingPauseRendering (113)
[2015.04.13-13.43.48:996][134]LogModuleManager: Shutting down and abandoning module HTTP (112)
[2015.04.13-13.43.48:996][134]LogModuleManager: Shutting down and abandoning module AnalyticsET (111)
[2015.04.13-13.43.48:996][134]LogModuleManager: Shutting down and abandoning module Analytics (110)
[2015.04.13-13.43.48:996][134]LogModuleManager: Shutting down and abandoning module AITestSuite (109)
[2015.04.13-13.43.48:996][134]LogModuleManager: Shutting down and abandoning module GameplayDebugger (108)
[2015.04.13-13.43.48:996][134]LogModuleManager: Shutting down and abandoning module AIModule (107)
[2015.04.13-13.43.48:996][134]LogModuleManager: Shutting down and abandoning module ProfilerService (106)
[2015.04.13-13.43.49:022][134]LogModuleManager: Shutting down and abandoning module TaskGraph (105)
[2015.04.13-13.43.49:022][134]LogModuleManager: Shutting down and abandoning module SlateRemote (104)
[2015.04.13-13.43.49:022][134]LogModuleManager: Shutting down and abandoning module ScriptEditorPlugin (103)
[2015.04.13-13.43.49:022][134]LogModuleManager: Shutting down and abandoning module CustomMeshComponent (102)
[2015.04.13-13.43.49:022][134]LogModuleManager: Shutting down and abandoning module CableComponent (101)
[2015.04.13-13.43.49:022][134]LogModuleManager: Shutting down and abandoning module MessagingDebugger (100)
[2015.04.13-13.43.49:022][134]LogModuleManager: Shutting down and abandoning module MediaPlayerEditor (99)
[2015.04.13-13.43.49:022][134]LogModuleManager: Shutting down and abandoning module SpeedTreeImporter (98)
[2015.04.13-13.43.49:022][134]LogModuleManager: Shutting down and abandoning module PluginsEditor (97)
[2015.04.13-13.43.49:022][134]LogModuleManager: Shutting down and abandoning module MainFrame (96)
[2015.04.13-13.43.49:022][134]LogModuleManager: Shutting down and abandoning module EpicSurvey (95)
[2015.04.13-13.43.49:022][134]LogModuleManager: Shutting down and abandoning module DesktopPlatform (94)
[2015.04.13-13.43.49:023][134]LogModuleManager: Shutting down and abandoning module DirectoryWatcher (93)
[2015.04.13-13.43.49:023][134]LogModuleManager: Shutting down and abandoning module HotReload (92)
[2015.04.13-13.43.49:023][134]LogModuleManager: Shutting down and abandoning module VisualStudioSourceCodeAccess (91)
[2015.04.13-13.43.49:023][134]LogModuleManager: Shutting down and abandoning module UObjectPlugin (90)
[2015.04.13-13.43.49:023][134]LogModuleManager: Shutting down and abandoning module SubversionSourceControl (89)
[2015.04.13-13.43.49:023][134]LogModuleManager: Shutting down and abandoning module PerforceSourceControl (88)
[2015.04.13-13.43.49:024][134]LogModuleManager: Shutting down and abandoning module SourceControl (87)
[2015.04.13-13.43.49:024][134]LogModuleManager: Shutting down and abandoning module GitSourceControl (86)
[2015.04.13-13.43.49:024][134]LogModuleManager: Shutting down and abandoning module BlankPlugin (85)
[2015.04.13-13.43.49:024][134]LogModuleManager: Shutting down and abandoning module PaperTiledImporter (84)
[2015.04.13-13.43.49:024][134]LogModuleManager: Shutting down and abandoning module PaperJsonImporter (83)
[2015.04.13-13.43.49:024][134]LogModuleManager: Shutting down and abandoning module ContentBrowser (82)
[2015.04.13-13.43.49:024][134]LogModuleManager: Shutting down and abandoning module Paper2DEditor (81)
[2015.04.13-13.43.49:024][134]LogModuleManager: Shutting down and abandoning module ScriptPlugin (80)
[2015.04.13-13.43.49:024][134]LogModuleManager: Shutting down and abandoning module UdpMessaging (79)
[2015.04.13-13.43.49:124][134]LogModuleManager: Shutting down and abandoning module Paper2D (78)
[2015.04.13-13.43.49:124][134]LogModuleManager: Shutting down and abandoning module WindowsMoviePlayer (77)
[2015.04.13-13.43.49:124][134]LogModuleManager: Shutting down and abandoning module Media (76)
[2015.04.13-13.43.49:124][134]LogModuleManager: Shutting down and abandoning module WmfMedia (75)
[2015.04.13-13.43.49:124][134]LogModuleManager: Shutting down and abandoning module OnlineBlueprintSupport (74)
[2015.04.13-13.43.49:124][134]LogModuleManager: Shutting down and abandoning module PropertyEditor (73)
[2015.04.13-13.43.49:124][134]LogModuleManager: Shutting down and abandoning module BehaviorTreeEditor (72)
[2015.04.13-13.43.49:124][134]LogModuleManager: Shutting down and abandoning module FunctionalTesting (71)
[2015.04.13-13.43.49:124][134]LogModuleManager: Shutting down and abandoning module CollisionAnalyzer (70)
[2015.04.13-13.43.49:124][134]LogModuleManager: Shutting down and abandoning module WorkspaceMenuStructure (69)
[2015.04.13-13.43.49:124][134]LogModuleManager: Shutting down and abandoning module MessageLog (68)
[2015.04.13-13.43.49:124][134]LogModuleManager: Shutting down and abandoning module Sequencer (67)
[2015.04.13-13.43.49:124][134]LogModuleManager: Shutting down and abandoning module AssetTools (66)
[2015.04.13-13.43.49:125][134]LogModuleManager: Shutting down and abandoning module UMGEditor (65)
[2015.04.13-13.43.49:125][134]LogModuleManager: Shutting down and abandoning module UMG (64)
[2015.04.13-13.43.49:125][134]LogModuleManager: Shutting down and abandoning module Slate (63)
[2015.04.13-13.43.49:125][134]LogModuleManager: Shutting down and abandoning module EditorStyle (62)
[2015.04.13-13.43.49:129][134]LogModuleManager: Shutting down and abandoning module SessionServices (61)
[2015.04.13-13.43.49:129][134]LogModuleManager: Shutting down and abandoning module SourceCodeAccess (60)
[2015.04.13-13.43.49:129][134]LogModuleManager: Shutting down and abandoning module HeadMountedDisplay (59)
[2015.04.13-13.43.49:129][134]LogModuleManager: Shutting down and abandoning module XAudio2 (58)
[2015.04.13-13.43.49:129][134]LogModuleManager: Shutting down and abandoning module Networking (56)
[2015.04.13-13.43.49:129][134]LogModuleManager: Shutting down and abandoning module Core (55)
[2015.04.13-13.43.49:129][134]LogModuleManager: Shutting down and abandoning module KismetCompiler (54)
[2015.04.13-13.43.49:129][134]LogModuleManager: Shutting down and abandoning module PhysXFormats (53)
[2015.04.13-13.43.49:129][134]LogModuleManager: Shutting down and abandoning module MeshUtilities (52)
[2015.04.13-13.43.49:129][134]LogModuleManager: Shutting down and abandoning module DerivedDataCache (51)
[2015.04.13-13.43.49:189][134]LogDerivedDataCache: Shutdown
[2015.04.13-13.43.49:189][134]LogModuleManager: Shutting down and abandoning module ShaderFormatOpenGL (50)
[2015.04.13-13.43.49:189][134]LogModuleManager: Shutting down and abandoning module ShaderFormatD3D (49)
[2015.04.13-13.43.49:189][134]LogModuleManager: Shutting down and abandoning module MetalShaderFormat (48)
[2015.04.13-13.43.49:189][134]LogModuleManager: Shutting down and abandoning module TextureFormatUncompressed (47)
[2015.04.13-13.43.49:189][134]LogModuleManager: Shutting down and abandoning module TextureFormatPVR (46)
[2015.04.13-13.43.49:189][134]LogModuleManager: Shutting down and abandoning module TextureFormatIntelISPCTexComp (45)
[2015.04.13-13.43.49:189][134]LogModuleManager: Shutting down and abandoning module TextureFormatDXT (44)
[2015.04.13-13.43.49:189][134]LogModuleManager: Shutting down and abandoning module ImageWrapper (43)
[2015.04.13-13.43.49:189][134]LogModuleManager: Shutting down and abandoning module TextureFormatASTC (42)
[2015.04.13-13.43.49:189][134]LogModuleManager: Shutting down and abandoning module TextureFormatAndroid (41)
[2015.04.13-13.43.49:189][134]LogModuleManager: Shutting down and abandoning module AudioFormatOpus (40)
[2015.04.13-13.43.49:189][134]LogModuleManager: Shutting down and abandoning module AudioFormatOgg (39)
[2015.04.13-13.43.49:189][134]LogModuleManager: Shutting down and abandoning module AudioFormatADPCM (38)
[2015.04.13-13.43.49:189][134]LogModuleManager: Shutting down and abandoning module LinuxTargetPlatform (37)
[2015.04.13-13.43.49:189][134]LogModuleManager: Shutting down and abandoning module LinuxServerTargetPlatform (36)
[2015.04.13-13.43.49:189][134]LogModuleManager: Shutting down and abandoning module LinuxNoEditorTargetPlatform (35)
[2015.04.13-13.43.49:189][134]LogModuleManager: Shutting down and abandoning module Messaging (34)
[2015.04.13-13.43.49:189][134]LogModuleManager: Shutting down and abandoning module IOSTargetPlatform (33)
[2015.04.13-13.43.49:189][134]LogModuleManager: Shutting down and abandoning module HTML5TargetPlatform (32)
[2015.04.13-13.43.49:189][134]LogModuleManager: Shutting down and abandoning module Android_PVRTCTargetPlatform (31)
[2015.04.13-13.43.49:189][134]LogModuleManager: Shutting down and abandoning module Android_ETC2TargetPlatform (30)
[2015.04.13-13.43.49:189][134]LogModuleManager: Shutting down and abandoning module Android_ETC1TargetPlatform (29)
[2015.04.13-13.43.49:189][134]LogModuleManager: Shutting down and abandoning module Android_ES31TargetPlatform (28)
[2015.04.13-13.43.49:189][134]LogModuleManager: Shutting down and abandoning module Android_DXTTargetPlatform (27)
[2015.04.13-13.43.49:189][134]LogModuleManager: Shutting down and abandoning module Android_ATCTargetPlatform (26)
[2015.04.13-13.43.49:189][134]LogModuleManager: Shutting down and abandoning module AndroidTargetPlatform (25)
[2015.04.13-13.43.49:189][134]LogModuleManager: Shutting down and abandoning module WindowsTargetPlatform (24)
[2015.04.13-13.43.49:189][134]LogModuleManager: Shutting down and abandoning module WindowsServerTargetPlatform (23)
[2015.04.13-13.43.49:189][134]LogModuleManager: Shutting down and abandoning module WindowsNoEditorTargetPlatform (22)
[2015.04.13-13.43.49:189][134]LogModuleManager: Shutting down and abandoning module WindowsClientTargetPlatform (21)
[2015.04.13-13.43.49:189][134]LogModuleManager: Shutting down and abandoning module TargetPlatform (20)
[2015.04.13-13.43.49:189][134]LogModuleManager: Shutting down and abandoning module InputCore (19)
[2015.04.13-13.43.49:189][134]LogModuleManager: Shutting down and abandoning module Settings (18)
[2015.04.13-13.43.49:189][134]LogModuleManager: Shutting down and abandoning module OnlineSubsystem (16)
[2015.04.13-13.43.49:189][134]LogModuleManager: Shutting down and abandoning module OculusRift (15)
[2015.04.13-13.43.49:189][134]LogModuleManager: Shutting down and abandoning module ExampleDeviceProfileSelector (14)
[2015.04.13-13.43.49:189][134]LogModuleManager: Shutting down and abandoning module TextureCompressor (13)
[2015.04.13-13.43.49:189][134]LogModuleManager: Shutting down and abandoning module ShaderCore (12)
[2015.04.13-13.43.49:189][134]LogModuleManager: Shutting down and abandoning module Landscape (11)
[2015.04.13-13.43.49:189][134]LogModuleManager: Shutting down and abandoning module SlateRHIRenderer (10)
[2015.04.13-13.43.49:191][134]LogModuleManager: Shutting down and abandoning module OpenGLDrv (9)
[2015.04.13-13.43.49:191][134]LogModuleManager: Shutting down and abandoning module D3D11RHI (8)
[2015.04.13-13.43.49:191][134]LogModuleManager: Shutting down and abandoning module Renderer (7)
[2015.04.13-13.43.49:191][134]LogModuleManager: Shutting down and abandoning module Engine (6)
[2015.04.13-13.43.49:191][134]LogModuleManager: Shutting down and abandoning module CoreUObject (5)
[2015.04.13-13.43.49:191][134]LogModuleManager: Shutting down and abandoning module NetworkFile (4)
[2015.04.13-13.43.49:191][134]LogModuleManager: Shutting down and abandoning module StreamingFile (3)
[2015.04.13-13.43.49:191][134]LogModuleManager: Shutting down and abandoning module SandboxFile (2)
[2015.04.13-13.43.49:191][134]LogModuleManager: Shutting down and abandoning module PakFile (1)
[2015.04.13-13.43.49:192][134]LogExit: Exiting.
[2015.04.13-13.43.49:209][134]Log file closed, 04/13/15 16:43:49
