Log file open, 04/09/15 10:56:16
LogInit:Display: Running engine for game: FirstPersonProject
LogInit: Version: 4.7.5-2503383+++depot+UE4-Releases+4.7
LogInit: API Version: 2455222
LogInit: Compiled (64-bit): Apr  6 2015 23:21:51
LogInit: Compiled with Visual C++: 18.00.21005.01
LogInit: Build Configuration: Development
LogInit: Branch Name: ++depot+UE4-Releases+4.7
LogInit: Command line:  
LogInit: Base directory: E:/Program Files (x86)/Epic Games/4.7/Engine/Binaries/Win64/
LogInit: Rocket: 1
[2015.04.09-07.56.16:454][  0]LogTaskGraph: Started task graph with 3 named threads and 6 total threads.
[2015.04.09-07.56.16:523][  0]LogOnline:Warning: No default platform service specified for OnlineSubsystem
[2015.04.09-07.56.16:863][  0]LogInit: Presizing for 0 objects not considered by GC, pre-allocating 0 bytes.
[2015.04.09-07.56.16:873][  0]LogInit: Object subsystem initialized
[2015.04.09-07.56.16:875][  0]LogConsoleResponse:Warning: Skipping Unknown console variable: 'TranslucentSortAxis = (X=0.000000,Y=-1.000000,Z=0.000000)'
[2015.04.09-07.56.16:875][  0]LogConsoleResponse:Warning:   Found in ini file 'D:/Builds/FirstPersonProject/Saved/Config/Windows/Engine.ini', in section '[/Script/Engine.RendererSettings]'
[2015.04.09-07.56.16:875][  0]LogConsoleResponse:Warning: Skipping Unknown console variable: 'UIScaleRule = ShortestSide'
[2015.04.09-07.56.16:875][  0]LogConsoleResponse:Warning:   Found in ini file 'D:/Builds/FirstPersonProject/Saved/Config/Windows/Engine.ini', in section '[/Script/Engine.RendererSettings]'
[2015.04.09-07.56.16:875][  0]LogConsoleResponse:Warning: Skipping Unknown console variable: 'UIScaleCurve = (EditorCurveData=(Keys=),ExternalCurve=None)'
[2015.04.09-07.56.16:875][  0]LogConsoleResponse:Warning:   Found in ini file 'D:/Builds/FirstPersonProject/Saved/Config/Windows/Engine.ini', in section '[/Script/Engine.RendererSettings]'
[2015.04.09-07.56.16:876][  0]LogInit: Selected Device Profile: [Windows]
[2015.04.09-07.56.16:876][  0]LogInit: Applying CVar settings loaded from the selected device profile: [Windows]
[2015.04.09-07.56.16:953][  0]LogInit: Computer: TATU-PC
[2015.04.09-07.56.16:953][  0]LogInit: User: tatu
[2015.04.09-07.56.16:953][  0]LogInit: CPU Page size=4096, Cores=4
[2015.04.09-07.56.16:953][  0]LogInit: High frequency timer resolution =3.330126 MHz
[2015.04.09-07.56.16:953][  0]LogMemory: Memory total: Physical=8.0GB (8GB approx) Virtual=8192.0GB
[2015.04.09-07.56.16:954][  0]LogMemory: Platform Memory Stats for Windows
[2015.04.09-07.56.16:954][  0]LogMemory: Process Physical Memory: 47.08 MB used, 47.08 MB peak
[2015.04.09-07.56.16:954][  0]LogMemory: Process Virtual Memory: 23.51 MB used, 23.51 MB peak
[2015.04.09-07.56.16:954][  0]LogMemory: Physical Memory: 3536.63 MB used, 8143.80 MB total
[2015.04.09-07.56.16:954][  0]LogMemory: Virtual Memory: 277.78 MB used, 8388608.00 MB total
[2015.04.09-07.56.17:120][  0]LogD3D11RHI: Found D3D11 adapter 0: NVIDIA GeForce GTX 560 Ti (Feature Level 11_0)
[2015.04.09-07.56.17:120][  0]LogD3D11RHI: Adapter has 977MB of dedicated video memory, 0MB of dedicated system memory, and 3071MB of shared system memory, 2 output[s]
[2015.04.09-07.56.17:120][  0]LogD3D11RHI: Chosen D3D11 Adapter Id = 0
[2015.04.09-07.56.17:125][  0]LogRHI: Texture pool is 684 MB (70% of 977 MB)
[2015.04.09-07.56.17:133][  0]LogD3D11RHI: Async texture creation enabled
[2015.04.09-07.56.19:037][  0]LogTextLocalizationManager: The requested culture ('fi_FI') has no localization data; falling back to 'en' for localization and internationalization data.
[2015.04.09-07.56.19:293][  0]LogTextLocalizationManager:Warning: Loading localization resources contain conflicting entries for (Namespace:UICommands, Key:Save_ToolTip):
Resource: (E:/Program Files (x86)/Epic Games/4.7/Engine/Content/Localization/Editor/en/Editor.locres) Hash: (-29098895) String: (Saves the current level to disk)
Resource: (E:/Program Files (x86)/Epic Games/4.7/Engine/Content/Localization/Engine/en/Engine.locres) Hash: (-1280300587) String: (Save selected data to vlog file)
[2015.04.09-07.56.19:293][  0]LogTextLocalizationManager:Warning: Loading localization resources contain conflicting entries for (Namespace:ContentBrowser, Key:ImportAssetToolTip):
Resource: (E:/Program Files (x86)/Epic Games/4.7/Engine/Content/Localization/Editor/en/Editor.locres) Hash: (-630476809) String: (Import to {0}...)
Resource: (E:/Program Files (x86)/Epic Games/4.7/Engine/Content/Localization/Editor/en/Editor.locres) Hash: (1271782899) String: (Imports an asset from file to this folder.)
[2015.04.09-07.56.19:384][  0]LogContentStreaming: Texture pool size is 0.000000MB
[2015.04.09-07.56.25:053][  0]LogTargetPlatformManager:Display: Building Assets For Windows
[2015.04.09-07.56.27:000][  0]LogTargetPlatformManager:Display: Building Assets For Windows
[2015.04.09-07.56.27:122][  0]LogDerivedDataCache:Display: Max Cache Size: 512 MB
[2015.04.09-07.56.27:251][  0]LogDerivedDataCache: Loaded boot cache 0.13s 39MB C:/Users/tatu/AppData/Local/UnrealEngine/4.7/DerivedDataCache/Boot.ddc.
[2015.04.09-07.56.27:251][  0]LogDerivedDataCache:Display: Loaded Boot cache: C:/Users/tatu/AppData/Local/UnrealEngine/4.7/DerivedDataCache/Boot.ddc
[2015.04.09-07.56.27:251][  0]LogDerivedDataCache: FDerivedDataBackendGraph:  Pak pak cache file D:/Builds/FirstPersonProject/DerivedDataCache/DDC.ddp not found, will not use a pak cache.
[2015.04.09-07.56.27:251][  0]LogDerivedDataCache: Unable to find inner node Pak for hierarchical cache Hierarchy.
[2015.04.09-07.56.27:496][  0]LogDerivedDataCache:Display: Pak cache opened for reading ../../../Engine/DerivedDataCache/Compressed.ddp.
[2015.04.09-07.56.27:507][  0]LogDerivedDataCache: Using Local data cache path C:/Users/tatu/AppData/Local/UnrealEngine/Common/DerivedDataCache: Writable
[2015.04.09-07.56.38:621][  0]LogMeshUtilities: No automatic mesh reduction module available
[2015.04.09-07.56.38:621][  0]LogMeshUtilities: No automatic mesh merging module available
[2015.04.09-07.56.41:107][  0]LogInit: WinSock: version 1.1 (2.2), MaxSocks=32767, MaxUdp=65467
[2015.04.09-07.56.41:504][  0]LogSlate:Warning: Failed to load font data from '../../../Engine/Content/Slate/Fonts/Roboto-Italic.ttf'
[2015.04.09-07.57.12:490][  0]UdpMessaging: Initializing bridge on interface 0.0.0.0:0 to multicast group 230.0.0.1:6666.
[2015.04.09-07.57.14:335][  0]SourceControl: Info Source control is disabled
[2015.04.09-07.57.14:335][  0]SourceControl: Info Source control is disabled
[2015.04.09-07.57.14:335][  0]SourceControl: Info Source control is disabled
[2015.04.09-07.57.14:335][  0]LogSourceControl: RunCommandInternalRaw: 'git version'
[2015.04.09-07.57.14:335][  0]LogSourceControl: RunCommandInternalRaw: ExecProcess ReturnCode=2 OutResults=''
[2015.04.09-07.57.14:349][  0]SourceControl: Info Source control is disabled
[2015.04.09-07.57.16:139][  0]LogObj: 24232 objects as part of root set at end of initial load.
[2015.04.09-07.57.16:139][  0]LogUObjectAllocator: 5137176 out of 0 bytes used by permanent object pool.
[2015.04.09-07.57.16:562][  0]LogEngine: Initializing Engine...
[2015.04.09-07.57.19:961][  0]LogInit: XAudio2 using 'Speakers (Realtek High Definition Audio)' : 2 channels at 48 kHz using 32 bits per sample (channel mask 0x3)
[2015.04.09-07.57.19:982][  0]LogInit: FAudioDevice initialized.
[2015.04.09-07.57.20:082][  0]LogAIModule: Creating AISystem for world NewWorld
[2015.04.09-07.57.20:116][  0]LogDerivedDataCache: Saved boot cache 0.03s 39MB C:/Users/tatu/AppData/Local/UnrealEngine/4.7/DerivedDataCache/Boot.ddc.
[2015.04.09-07.57.20:121][  0]LogInit: Texture streaming: Enabled
[2015.04.09-07.57.21:256][  0]LogAnalytics: Creating configured Analytics provider AnalyticsET
[2015.04.09-07.57.21:256][  0]LogAnalytics: ET APIKey = Rocket.Release. APIServer = http://et2.epicgames.com/ET2/. AppVersion = 4.7.5-2503383+++depot+UE4-Releases+4.7
[2015.04.09-07.57.21:256][  0]LogAnalytics: ET APIKey = Rocket.Release. DataRouterUploadURL = https://datarouter-public-service-gamedev.ol.epicgames.net/datarouter/api/v1/public/data. AppVersion = 4.7.5-2503383+++depot+UE4-Releases+4.7
[2015.04.09-07.57.21:256][  0]LogAnalytics: SetUserId ed28b9a54144e66a2558d885e32da194|6804c67793284305bec8d08e6143faee|73e155b7-cb16-4ea6-b80c-c0e38ba520d3
[2015.04.09-07.57.21:257][  0]LogAnalytics: AnalyticsET::StartSession [Rocket.Release]
[2015.04.09-07.57.21:549][  0]LogInit: Transaction tracking system initialized
[2015.04.09-07.57.24:322][  0]BlueprintLog: New page: Editor Load
[2015.04.09-07.57.24:396][  0]LogAssetRegistry: FAssetRegistry took 0.0097 seconds to start up
[2015.04.09-07.57.24:397][  0]LogDirectoryWatcher:Warning: Failed to begin reading directory changes for ../../../Engine/Plugins/Experimental/CharacterAI/Content/. Error: 0
[2015.04.09-07.57.27:215][  0]LogTargetPlatformManager:Display: Building Assets For Windows
[2015.04.09-07.57.27:732][  0]LogTargetPlatformManager:Display: Building Assets For Windows
[2015.04.09-07.57.29:642][  0]LogSlate:Warning: Failed to load font data from '../../../Engine/Content/Editor/Slate/Fonts/Roboto-Regular.ttf'
[2015.04.09-07.57.29:642][  0]LogSlate:Warning: Failed to load font data from '../../../Engine/Content/Editor/Slate/Fonts/Roboto-Bold.ttf'
[2015.04.09-07.57.29:766][  0]LogConsoleResponse:Display: 
[2015.04.09-07.57.31:627][  0]LogCook:Display: Done creating registry. It took  0.00s.
[2015.04.09-07.57.33:391][  0]SourceControl: Info Source control is disabled
[2015.04.09-07.57.33:391][  0]Cmd: MAP LOAD FILE="D:/Builds/FirstPersonProject/Content/FirstPersonBP/Maps/FirstPersonExampleMap.umap" TEMPLATE=0 SHOWPROGRESS=1 FEATURELEVEL=3
[2015.04.09-07.57.33:492][  0]LightingResults: New page: Lighting Build
[2015.04.09-07.57.33:521][  0]MapCheck: New page: Map Check
[2015.04.09-07.57.33:522][  0]LightingResults: New page: Lighting Build
[2015.04.09-07.57.33:531][  0]LogParticles: Destroying 0 GPU particle simulations for FXSystem 0x0000000011E9A520
[2015.04.09-07.57.34:737][  0]LogLinker:Warning: Asset '../../../Engine/Content/EngineMeshes/Humanoid.uasset' has been saved with empty engine version. The asset will be loaded but may be incompatible.
[2015.04.09-07.57.41:466][  0]LogEditorServer: Finished looking for orphan Actors (0.000 secs)
[2015.04.09-07.57.41:467][  0]LogAIModule: Creating AISystem for world FirstPersonExampleMap
[2015.04.09-07.57.41:467][  0]Cmd: MAP CHECKDEP
[2015.04.09-07.57.41:467][  0]MapCheck: New page: FirstPersonExampleMap - Apr 9, 2015, 1:57:41 PM
[2015.04.09-07.57.41:606][  0]MapCheck: Info Map check complete: 0 Error(s), 0 Warning(s), took 139.004ms to complete.
[2015.04.09-07.57.41:606][  0]LogFileHelpers: Loading map 'FirstPersonExampleMap' took 8.215
[2015.04.09-07.57.42:307][  0]LogCollectionManager: Loaded 0 collections in 0.002280 seconds
[2015.04.09-07.57.42:317][  0]LogContentBrowser: Native class hierarchy populated in 0.0103 seconds. Added 1696 classes and 261 folders.
[2015.04.09-07.57.42:703][  0]LogContentBrowser: Native class hierarchy updated for 'SceneOutliner' in 0.0028 seconds. Added 1 classes and 2 folders.
[2015.04.09-07.57.43:166][  0]LogCrashTracker: Crashtracker disabled due to settings.
[2015.04.09-07.57.43:167][  0]LogSlate:Warning: Failed to load font data from 'Veranda'
[2015.04.09-07.57.43:174][  0]LogUObjectGlobals:Warning: Failed to find object 'Class None.'
[2015.04.09-07.57.43:214][  0]LogLoad: Full Startup: 92.38 seconds (BP compile: 1.21 seconds)
[2015.04.09-07.57.43:563][  0]LogContentBrowser:Verbose: The content browser source was changed by the sources view to '/Game/AIBots/SleepingAIBot'
[2015.04.09-07.57.44:399][  0]LogRenderer:Warning: Reallocating scene render targets to support 32x32 (Frame:2).
[2015.04.09-07.57.44:822][  0]LogRenderer:Warning: Reallocating scene render targets to support 1208x576 (Frame:4).
[2015.04.09-07.57.45:903][  4]LogAssetRegistry: Asset discovery search completed in 21.5174 seconds
[2015.04.09-08.05.55:775][473]LogActorComponent: UnregisterComponent: (/Engine/Transient.CharMoveComp) Not registered. Aborting.
[2015.04.09-08.05.55:776][473]LogActorComponent: UnregisterComponent: (/Engine/Transient.CharacterMovementComponent_0) Not registered. Aborting.
[2015.04.09-08.05.58:120][474]Cmd: QUIT_EDITOR
[2015.04.09-08.05.58:661][474]LogExit: Preparing to exit.
[2015.04.09-08.06.00:915][474]LogExit: Editor shut down
[2015.04.09-08.06.00:916][474]LogExit: Transaction tracking system shut down
[2015.04.09-08.06.00:917][474]LogParticles: Destroying 0 GPU particle simulations for FXSystem 0x00000000196EF9C0
[2015.04.09-08.06.00:940][474]LogParticles: Destroying 0 GPU particle simulations for FXSystem 0x000000001C22BA60
[2015.04.09-08.06.00:940][474]LogParticles: Destroying 0 GPU particle simulations for FXSystem 0x000000001CA8D260
[2015.04.09-08.06.03:028][474]LogExit: Object subsystem successfully closed.
[2015.04.09-08.06.04:097][474]LogModuleManager: Shutting down and abandoning module CrashTracker (177)
[2015.04.09-08.06.04:097][474]LogModuleManager: Shutting down and abandoning module SuperSearch (176)
[2015.04.09-08.06.04:097][474]LogModuleManager: Shutting down and abandoning module SceneOutliner (175)
[2015.04.09-08.06.04:114][474]LogModuleManager: Shutting down and abandoning module EditorWidgets (174)
[2015.04.09-08.06.04:114][474]LogModuleManager: Shutting down and abandoning module CollectionManager (173)
[2015.04.09-08.06.04:123][474]LogModuleManager: Shutting down and abandoning module StatsViewer (172)
[2015.04.09-08.06.04:185][474]LogModuleManager: Shutting down and abandoning module FoliageEdit (171)
[2015.04.09-08.06.04:185][474]LogModuleManager: Shutting down and abandoning module LandscapeEditor (170)
[2015.04.09-08.06.04:245][474]LogModuleManager: Shutting down and abandoning module MeshPaint (169)
[2015.04.09-08.06.04:263][474]LogModuleManager: Shutting down and abandoning module ActorPickerMode (168)
[2015.04.09-08.06.04:263][474]LogModuleManager: Shutting down and abandoning module GeometryMode (167)
[2015.04.09-08.06.04:263][474]LogModuleManager: Shutting down and abandoning module TextureAlignMode (166)
[2015.04.09-08.06.04:263][474]LogModuleManager: Shutting down and abandoning module BspMode (165)
[2015.04.09-08.06.04:263][474]LogModuleManager: Shutting down and abandoning module PlacementMode (164)
[2015.04.09-08.06.04:263][474]LogModuleManager: Shutting down and abandoning module AutomationWorker (163)
[2015.04.09-08.06.04:263][474]LogModuleManager: Shutting down and abandoning module CharacterAI (162)
[2015.04.09-08.06.04:263][474]LogModuleManager: Shutting down and abandoning module SmartSnapping (161)
[2015.04.09-08.06.04:263][474]LogModuleManager: Shutting down and abandoning module ViewportSnapping (160)
[2015.04.09-08.06.04:263][474]LogModuleManager: Shutting down and abandoning module LogVisualizer (159)
[2015.04.09-08.06.04:356][474]LogModuleManager: Shutting down and abandoning module GameProjectGeneration (158)
[2015.04.09-08.06.04:380][474]LogModuleManager: Shutting down and abandoning module IntroTutorials (157)
[2015.04.09-08.06.04:501][474]LogModuleManager: Shutting down and abandoning module EditorLiveStreaming (156)
[2015.04.09-08.06.04:521][474]LogModuleManager: Shutting down and abandoning module HardwareTargeting (155)
[2015.04.09-08.06.04:521][474]LogModuleManager: Shutting down and abandoning module DeviceProfileEditor (154)
[2015.04.09-08.06.04:548][474]LogModuleManager: Shutting down and abandoning module UndoHistory (153)
[2015.04.09-08.06.04:570][474]LogModuleManager: Shutting down and abandoning module GameplayTagsEditor (152)
[2015.04.09-08.06.04:570][474]LogModuleManager: Shutting down and abandoning module UserFeedback (151)
[2015.04.09-08.06.04:570][474]LogModuleManager: Shutting down and abandoning module XmlParser (150)
[2015.04.09-08.06.04:597][474]LogModuleManager: Shutting down and abandoning module Blutility (149)
[2015.04.09-08.06.04:597][474]LogModuleManager: Shutting down and abandoning module IOSPlatformEditor (148)
[2015.04.09-08.06.04:597][474]LogModuleManager: Shutting down and abandoning module IOSRuntimeSettings (147)
[2015.04.09-08.06.04:597][474]LogModuleManager: Shutting down and abandoning module AndroidDeviceDetection (146)
[2015.04.09-08.06.04:982][474]LogModuleManager: Shutting down and abandoning module AndroidPlatformEditor (145)
[2015.04.09-08.06.04:982][474]LogModuleManager: Shutting down and abandoning module AndroidRuntimeSettings (144)
[2015.04.09-08.06.04:982][474]LogModuleManager: Shutting down and abandoning module ProjectTargetPlatformEditor (143)
[2015.04.09-08.06.04:990][474]LogModuleManager: Shutting down and abandoning module ProjectSettingsViewer (142)
[2015.04.09-08.06.04:990][474]LogModuleManager: Shutting down and abandoning module InputBindingEditor (141)
[2015.04.09-08.06.05:015][474]LogModuleManager: Shutting down and abandoning module EditorSettingsViewer (140)
[2015.04.09-08.06.05:015][474]LogModuleManager: Shutting down and abandoning module SettingsEditor (139)
[2015.04.09-08.06.05:024][474]LogModuleManager: Shutting down and abandoning module ProjectLauncher (138)
[2015.04.09-08.06.05:041][474]LogModuleManager: Shutting down and abandoning module SessionFrontend (137)
[2015.04.09-08.06.05:047][474]LogModuleManager: Shutting down and abandoning module ProfilerClient (136)
[2015.04.09-08.06.05:061][474]LogModuleManager: Shutting down and abandoning module TargetDeviceServices (135)
[2015.04.09-08.06.05:075][474]LogModuleManager: Shutting down and abandoning module DeviceManager (134)
[2015.04.09-08.06.05:089][474]LogModuleManager: Shutting down and abandoning module AutomationController (133)
[2015.04.09-08.06.05:109][474]LogModuleManager: Shutting down and abandoning module AutomationWindow (132)
[2015.04.09-08.06.05:124][474]LogModuleManager: Shutting down and abandoning module Layers (131)
[2015.04.09-08.06.05:156][474]LogModuleManager: Shutting down and abandoning module ComponentVisualizers (130)
[2015.04.09-08.06.05:156][474]LogModuleManager: Shutting down and abandoning module DetailCustomizations (129)
[2015.04.09-08.06.05:223][474]LogModuleManager: Shutting down and abandoning module PackagesDialog (128)
[2015.04.09-08.06.05:236][474]LogModuleManager: Shutting down and abandoning module AssetRegistry (127)
[2015.04.09-08.06.05:357][474]LogModuleManager: Shutting down and abandoning module Persona (126)
[2015.04.09-08.06.05:427][474]LogModuleManager: Shutting down and abandoning module SlateReflector (125)
[2015.04.09-08.06.05:464][474]LogModuleManager: Shutting down and abandoning module LevelEditor (124)
[2015.04.09-08.06.05:483][474]LogModuleManager: Shutting down and abandoning module Kismet (123)
[2015.04.09-08.06.05:521][474]LogModuleManager: Shutting down and abandoning module GraphEditor (122)
[2015.04.09-08.06.05:583][474]LogModuleManager: Shutting down and abandoning module ClassViewer (121)
[2015.04.09-08.06.05:583][474]LogModuleManager: Shutting down and abandoning module Toolbox (120)
[2015.04.09-08.06.05:583][474]LogModuleManager: Shutting down and abandoning module ModuleUI (119)
[2015.04.09-08.06.05:620][474]LogModuleManager: Shutting down and abandoning module MovieSceneTools (118)
[2015.04.09-08.06.05:661][474]LogModuleManager: Shutting down and abandoning module OutputLog (117)
[2015.04.09-08.06.05:661][474]LogModuleManager: Shutting down and abandoning module GammaUI (116)
[2015.04.09-08.06.05:688][474]LogModuleManager: Shutting down and abandoning module Documentation (115)
[2015.04.09-08.06.05:688][474]LogModuleManager: Shutting down and abandoning module GameLiveStreaming (114)
[2015.04.09-08.06.05:711][474]LogModuleManager: Shutting down and abandoning module StreamingPauseRendering (113)
[2015.04.09-08.06.05:728][474]LogModuleManager: Shutting down and abandoning module HTTP (112)
[2015.04.09-08.06.05:728][474]LogModuleManager: Shutting down and abandoning module AnalyticsET (111)
[2015.04.09-08.06.05:728][474]LogModuleManager: Shutting down and abandoning module Analytics (110)
[2015.04.09-08.06.05:728][474]LogModuleManager: Shutting down and abandoning module AITestSuite (109)
[2015.04.09-08.06.05:770][474]LogModuleManager: Shutting down and abandoning module GameplayDebugger (108)
[2015.04.09-08.06.05:784][474]LogModuleManager: Shutting down and abandoning module AIModule (107)
[2015.04.09-08.06.05:804][474]LogModuleManager: Shutting down and abandoning module ProfilerService (106)
[2015.04.09-08.06.05:885][474]LogModuleManager: Shutting down and abandoning module TaskGraph (105)
[2015.04.09-08.06.05:919][474]LogModuleManager: Shutting down and abandoning module SlateRemote (104)
[2015.04.09-08.06.05:919][474]LogModuleManager: Shutting down and abandoning module ScriptEditorPlugin (103)
[2015.04.09-08.06.05:919][474]LogModuleManager: Shutting down and abandoning module CustomMeshComponent (102)
[2015.04.09-08.06.05:919][474]LogModuleManager: Shutting down and abandoning module CableComponent (101)
[2015.04.09-08.06.05:934][474]LogModuleManager: Shutting down and abandoning module MessagingDebugger (100)
[2015.04.09-08.06.05:983][474]LogModuleManager: Shutting down and abandoning module MediaPlayerEditor (99)
[2015.04.09-08.06.06:018][474]LogModuleManager: Shutting down and abandoning module SpeedTreeImporter (98)
[2015.04.09-08.06.06:018][474]LogModuleManager: Shutting down and abandoning module PluginsEditor (97)
[2015.04.09-08.06.06:033][474]LogModuleManager: Shutting down and abandoning module MainFrame (96)
[2015.04.09-08.06.06:033][474]LogModuleManager: Shutting down and abandoning module EpicSurvey (95)
[2015.04.09-08.06.06:064][474]LogModuleManager: Shutting down and abandoning module DesktopPlatform (94)
[2015.04.09-08.06.06:091][474]LogModuleManager: Shutting down and abandoning module DirectoryWatcher (93)
[2015.04.09-08.06.06:091][474]LogModuleManager: Shutting down and abandoning module HotReload (92)
[2015.04.09-08.06.06:091][474]LogModuleManager: Shutting down and abandoning module VisualStudioSourceCodeAccess (91)
[2015.04.09-08.06.06:091][474]LogModuleManager: Shutting down and abandoning module UObjectPlugin (90)
[2015.04.09-08.06.06:091][474]LogModuleManager: Shutting down and abandoning module SubversionSourceControl (89)
[2015.04.09-08.06.06:105][474]LogModuleManager: Shutting down and abandoning module PerforceSourceControl (88)
[2015.04.09-08.06.06:162][474]LogModuleManager: Shutting down and abandoning module SourceControl (87)
[2015.04.09-08.06.06:177][474]LogModuleManager: Shutting down and abandoning module GitSourceControl (86)
[2015.04.09-08.06.06:201][474]LogModuleManager: Shutting down and abandoning module BlankPlugin (85)
[2015.04.09-08.06.06:201][474]LogModuleManager: Shutting down and abandoning module PaperTiledImporter (84)
[2015.04.09-08.06.06:201][474]LogModuleManager: Shutting down and abandoning module PaperJsonImporter (83)
[2015.04.09-08.06.06:201][474]LogModuleManager: Shutting down and abandoning module ContentBrowser (82)
[2015.04.09-08.06.06:202][474]LogModuleManager: Shutting down and abandoning module Paper2DEditor (81)
[2015.04.09-08.06.06:239][474]LogModuleManager: Shutting down and abandoning module ScriptPlugin (80)
[2015.04.09-08.06.06:262][474]LogModuleManager: Shutting down and abandoning module UdpMessaging (79)
[2015.04.09-08.06.06:363][474]LogModuleManager: Shutting down and abandoning module Paper2D (78)
[2015.04.09-08.06.06:369][474]LogModuleManager: Shutting down and abandoning module WindowsMoviePlayer (77)
[2015.04.09-08.06.06:388][474]LogModuleManager: Shutting down and abandoning module Media (76)
[2015.04.09-08.06.06:388][474]LogModuleManager: Shutting down and abandoning module WmfMedia (75)
[2015.04.09-08.06.06:390][474]LogModuleManager: Shutting down and abandoning module OnlineBlueprintSupport (74)
[2015.04.09-08.06.06:390][474]LogModuleManager: Shutting down and abandoning module PropertyEditor (73)
[2015.04.09-08.06.06:402][474]LogModuleManager: Shutting down and abandoning module BehaviorTreeEditor (72)
[2015.04.09-08.06.06:432][474]LogModuleManager: Shutting down and abandoning module FunctionalTesting (71)
[2015.04.09-08.06.06:445][474]LogModuleManager: Shutting down and abandoning module CollisionAnalyzer (70)
[2015.04.09-08.06.06:466][474]LogModuleManager: Shutting down and abandoning module WorkspaceMenuStructure (69)
[2015.04.09-08.06.06:466][474]LogModuleManager: Shutting down and abandoning module MessageLog (68)
[2015.04.09-08.06.06:475][474]LogModuleManager: Shutting down and abandoning module Sequencer (67)
[2015.04.09-08.06.06:502][474]LogModuleManager: Shutting down and abandoning module AssetTools (66)
[2015.04.09-08.06.06:541][474]LogModuleManager: Shutting down and abandoning module UMGEditor (65)
[2015.04.09-08.06.06:559][474]LogModuleManager: Shutting down and abandoning module UMG (64)
[2015.04.09-08.06.06:575][474]LogModuleManager: Shutting down and abandoning module Slate (63)
[2015.04.09-08.06.06:575][474]LogModuleManager: Shutting down and abandoning module EditorStyle (62)
[2015.04.09-08.06.06:649][474]LogModuleManager: Shutting down and abandoning module SessionServices (61)
[2015.04.09-08.06.06:649][474]LogModuleManager: Shutting down and abandoning module SourceCodeAccess (60)
[2015.04.09-08.06.06:649][474]LogModuleManager: Shutting down and abandoning module HeadMountedDisplay (59)
[2015.04.09-08.06.06:649][474]LogModuleManager: Shutting down and abandoning module XAudio2 (58)
[2015.04.09-08.06.06:649][474]LogModuleManager: Shutting down and abandoning module Networking (56)
[2015.04.09-08.06.06:649][474]LogModuleManager: Shutting down and abandoning module Core (55)
[2015.04.09-08.06.06:650][474]LogModuleManager: Shutting down and abandoning module KismetCompiler (54)
[2015.04.09-08.06.06:650][474]LogModuleManager: Shutting down and abandoning module PhysXFormats (53)
[2015.04.09-08.06.06:650][474]LogModuleManager: Shutting down and abandoning module MeshUtilities (52)
[2015.04.09-08.06.06:687][474]LogModuleManager: Shutting down and abandoning module DerivedDataCache (51)
[2015.04.09-08.06.06:714][474]LogDerivedDataCache: Shutdown
[2015.04.09-08.06.06:714][474]LogModuleManager: Shutting down and abandoning module ShaderFormatOpenGL (50)
[2015.04.09-08.06.06:723][474]LogModuleManager: Shutting down and abandoning module ShaderFormatD3D (49)
[2015.04.09-08.06.06:744][474]LogModuleManager: Shutting down and abandoning module MetalShaderFormat (48)
[2015.04.09-08.06.06:769][474]LogModuleManager: Shutting down and abandoning module TextureFormatUncompressed (47)
[2015.04.09-08.06.06:769][474]LogModuleManager: Shutting down and abandoning module TextureFormatPVR (46)
[2015.04.09-08.06.06:784][474]LogModuleManager: Shutting down and abandoning module TextureFormatIntelISPCTexComp (45)
[2015.04.09-08.06.06:798][474]LogModuleManager: Shutting down and abandoning module TextureFormatDXT (44)
[2015.04.09-08.06.06:799][474]LogModuleManager: Shutting down and abandoning module ImageWrapper (43)
[2015.04.09-08.06.06:799][474]LogModuleManager: Shutting down and abandoning module TextureFormatASTC (42)
[2015.04.09-08.06.06:806][474]LogModuleManager: Shutting down and abandoning module TextureFormatAndroid (41)
[2015.04.09-08.06.06:806][474]LogModuleManager: Shutting down and abandoning module AudioFormatOpus (40)
[2015.04.09-08.06.06:815][474]LogModuleManager: Shutting down and abandoning module AudioFormatOgg (39)
[2015.04.09-08.06.06:815][474]LogModuleManager: Shutting down and abandoning module AudioFormatADPCM (38)
[2015.04.09-08.06.06:815][474]LogModuleManager: Shutting down and abandoning module LinuxTargetPlatform (37)
[2015.04.09-08.06.06:815][474]LogModuleManager: Shutting down and abandoning module LinuxServerTargetPlatform (36)
[2015.04.09-08.06.06:822][474]LogModuleManager: Shutting down and abandoning module LinuxNoEditorTargetPlatform (35)
[2015.04.09-08.06.06:842][474]LogModuleManager: Shutting down and abandoning module Messaging (34)
[2015.04.09-08.06.06:842][474]LogModuleManager: Shutting down and abandoning module IOSTargetPlatform (33)
[2015.04.09-08.06.06:842][474]LogModuleManager: Shutting down and abandoning module HTML5TargetPlatform (32)
[2015.04.09-08.06.06:842][474]LogModuleManager: Shutting down and abandoning module Android_PVRTCTargetPlatform (31)
[2015.04.09-08.06.06:842][474]LogModuleManager: Shutting down and abandoning module Android_ETC2TargetPlatform (30)
[2015.04.09-08.06.06:842][474]LogModuleManager: Shutting down and abandoning module Android_ETC1TargetPlatform (29)
[2015.04.09-08.06.06:843][474]LogModuleManager: Shutting down and abandoning module Android_ES31TargetPlatform (28)
[2015.04.09-08.06.06:843][474]LogModuleManager: Shutting down and abandoning module Android_DXTTargetPlatform (27)
[2015.04.09-08.06.06:843][474]LogModuleManager: Shutting down and abandoning module Android_ATCTargetPlatform (26)
[2015.04.09-08.06.06:843][474]LogModuleManager: Shutting down and abandoning module AndroidTargetPlatform (25)
[2015.04.09-08.06.06:843][474]LogModuleManager: Shutting down and abandoning module WindowsTargetPlatform (24)
[2015.04.09-08.06.06:843][474]LogModuleManager: Shutting down and abandoning module WindowsServerTargetPlatform (23)
[2015.04.09-08.06.06:843][474]LogModuleManager: Shutting down and abandoning module WindowsNoEditorTargetPlatform (22)
[2015.04.09-08.06.06:843][474]LogModuleManager: Shutting down and abandoning module WindowsClientTargetPlatform (21)
[2015.04.09-08.06.06:843][474]LogModuleManager: Shutting down and abandoning module TargetPlatform (20)
[2015.04.09-08.06.06:843][474]LogModuleManager: Shutting down and abandoning module InputCore (19)
[2015.04.09-08.06.06:843][474]LogModuleManager: Shutting down and abandoning module Settings (18)
[2015.04.09-08.06.06:843][474]LogModuleManager: Shutting down and abandoning module OnlineSubsystem (16)
[2015.04.09-08.06.06:843][474]LogModuleManager: Shutting down and abandoning module OculusRift (15)
[2015.04.09-08.06.06:843][474]LogModuleManager: Shutting down and abandoning module ExampleDeviceProfileSelector (14)
[2015.04.09-08.06.06:843][474]LogModuleManager: Shutting down and abandoning module TextureCompressor (13)
[2015.04.09-08.06.06:859][474]LogModuleManager: Shutting down and abandoning module ShaderCore (12)
[2015.04.09-08.06.06:860][474]LogModuleManager: Shutting down and abandoning module Landscape (11)
[2015.04.09-08.06.06:860][474]LogModuleManager: Shutting down and abandoning module SlateRHIRenderer (10)
[2015.04.09-08.06.06:901][474]LogModuleManager: Shutting down and abandoning module OpenGLDrv (9)
[2015.04.09-08.06.06:901][474]LogModuleManager: Shutting down and abandoning module D3D11RHI (8)
[2015.04.09-08.06.06:901][474]LogModuleManager: Shutting down and abandoning module Renderer (7)
[2015.04.09-08.06.06:901][474]LogModuleManager: Shutting down and abandoning module Engine (6)
[2015.04.09-08.06.06:901][474]LogModuleManager: Shutting down and abandoning module CoreUObject (5)
[2015.04.09-08.06.06:901][474]LogModuleManager: Shutting down and abandoning module NetworkFile (4)
[2015.04.09-08.06.06:915][474]LogModuleManager: Shutting down and abandoning module StreamingFile (3)
[2015.04.09-08.06.06:941][474]LogModuleManager: Shutting down and abandoning module SandboxFile (2)
[2015.04.09-08.06.06:963][474]LogModuleManager: Shutting down and abandoning module PakFile (1)
[2015.04.09-08.06.07:002][474]LogExit: Exiting.
[2015.04.09-08.06.07:024][474]Log file closed, 04/09/15 11:06:07
